{
  "C:/Users/Admin/OneDrive/Робочий стіл/spacepedia/spacepedia/src/components/ScrollToTop.jsx": {
    "path": "C:/Users/Admin/OneDrive/Робочий стіл/spacepedia/spacepedia/src/components/ScrollToTop.jsx",
    "statementMap": {
      "0": {
        "start": {
          "line": 1,
          "column": 9
        },
        "end": {
          "line": 1,
          "column": 23
        }
      },
      "1": {
        "start": {
          "line": 5,
          "column": 2
        },
        "end": {
          "line": 5,
          "column": 7
        }
      },
      "2": {
        "start": {
          "line": 6,
          "column": 23
        },
        "end": {
          "line": 6,
          "column": 36
        }
      },
      "3": {
        "start": {
          "line": 7,
          "column": 2
        },
        "end": {
          "line": 9,
          "column": 17
        }
      },
      "4": {
        "start": {
          "line": 8,
          "column": 4
        },
        "end": {
          "line": 8,
          "column": 26
        }
      },
      "5": {
        "start": {
          "line": 10,
          "column": 2
        },
        "end": {
          "line": 10,
          "column": 14
        }
      },
      "6": {
        "start": {
          "line": 12,
          "column": 0
        },
        "end": {
          "line": 14,
          "column": 3
        }
      },
      "7": {
        "start": {
          "line": 13,
          "column": 2
        },
        "end": {
          "line": 13,
          "column": 23
        }
      },
      "8": {
        "start": {
          "line": 15,
          "column": 0
        },
        "end": {
          "line": 15,
          "column": 17
        }
      },
      "9": {
        "start": {
          "line": 18,
          "column": 0
        },
        "end": {
          "line": 18,
          "column": 32
        }
      },
      "10": {
        "start": {
          "line": 20,
          "column": 20
        },
        "end": {
          "line": 20,
          "column": 97
        }
      },
      "11": {
        "start": {
          "line": 21,
          "column": 0
        },
        "end": {
          "line": 35,
          "column": 1
        }
      },
      "12": {
        "start": {
          "line": 22,
          "column": 2
        },
        "end": {
          "line": 26,
          "column": 3
        }
      },
      "13": {
        "start": {
          "line": 23,
          "column": 4
        },
        "end": {
          "line": 25,
          "column": 6
        }
      },
      "14": {
        "start": {
          "line": 27,
          "column": 2
        },
        "end": {
          "line": 34,
          "column": 5
        }
      },
      "15": {
        "start": {
          "line": 28,
          "column": 4
        },
        "end": {
          "line": 28,
          "column": 159
        }
      },
      "16": {
        "start": {
          "line": 29,
          "column": 4
        },
        "end": {
          "line": 33,
          "column": 7
        }
      },
      "17": {
        "start": {
          "line": 30,
          "column": 6
        },
        "end": {
          "line": 30,
          "column": 31
        }
      },
      "18": {
        "start": {
          "line": 30,
          "column": 24
        },
        "end": {
          "line": 30,
          "column": 31
        }
      },
      "19": {
        "start": {
          "line": 31,
          "column": 32
        },
        "end": {
          "line": 31,
          "column": 208
        }
      },
      "20": {
        "start": {
          "line": 32,
          "column": 6
        },
        "end": {
          "line": 32,
          "column": 75
        }
      },
      "21": {
        "start": {
          "line": 32,
          "column": 29
        },
        "end": {
          "line": 32,
          "column": 75
        }
      },
      "22": {
        "start": {
          "line": 37,
          "column": 2
        },
        "end": {
          "line": 37,
          "column": 138
        }
      },
      "23": {
        "start": {
          "line": 40,
          "column": 2
        },
        "end": {
          "line": 40,
          "column": 62
        }
      }
    },
    "fnMap": {
      "0": {
        "name": "ScrollToTop",
        "decl": {
          "start": {
            "line": 4,
            "column": 9
          },
          "end": {
            "line": 4,
            "column": 20
          }
        },
        "loc": {
          "start": {
            "line": 4,
            "column": 23
          },
          "end": {
            "line": 11,
            "column": 1
          }
        },
        "line": 4
      },
      "1": {
        "name": "(anonymous_1)",
        "decl": {
          "start": {
            "line": 7,
            "column": 12
          },
          "end": {
            "line": 7,
            "column": 13
          }
        },
        "loc": {
          "start": {
            "line": 7,
            "column": 18
          },
          "end": {
            "line": 9,
            "column": 3
          }
        },
        "line": 7
      },
      "2": {
        "name": "(anonymous_2)",
        "decl": {
          "start": {
            "line": 12,
            "column": 55
          },
          "end": {
            "line": 12,
            "column": 56
          }
        },
        "loc": {
          "start": {
            "line": 12,
            "column": 66
          },
          "end": {
            "line": 14,
            "column": 1
          }
        },
        "line": 12
      },
      "3": {
        "name": "(anonymous_3)",
        "decl": {
          "start": {
            "line": 27,
            "column": 52
          },
          "end": {
            "line": 27,
            "column": 53
          }
        },
        "loc": {
          "start": {
            "line": 27,
            "column": 72
          },
          "end": {
            "line": 34,
            "column": 3
          }
        },
        "line": 27
      },
      "4": {
        "name": "(anonymous_4)",
        "decl": {
          "start": {
            "line": 29,
            "column": 27
          },
          "end": {
            "line": 29,
            "column": 28
          }
        },
        "loc": {
          "start": {
            "line": 29,
            "column": 44
          },
          "end": {
            "line": 33,
            "column": 5
          }
        },
        "line": 29
      },
      "5": {
        "name": "$RefreshReg$",
        "decl": {
          "start": {
            "line": 36,
            "column": 9
          },
          "end": {
            "line": 36,
            "column": 21
          }
        },
        "loc": {
          "start": {
            "line": 36,
            "column": 32
          },
          "end": {
            "line": 38,
            "column": 1
          }
        },
        "line": 36
      },
      "6": {
        "name": "$RefreshSig$",
        "decl": {
          "start": {
            "line": 39,
            "column": 9
          },
          "end": {
            "line": 39,
            "column": 21
          }
        },
        "loc": {
          "start": {
            "line": 39,
            "column": 24
          },
          "end": {
            "line": 41,
            "column": 1
          }
        },
        "line": 39
      }
    },
    "branchMap": {
      "0": {
        "loc": {
          "start": {
            "line": 20,
            "column": 20
          },
          "end": {
            "line": 20,
            "column": 97
          }
        },
        "type": "binary-expr",
        "locations": [
          {
            "start": {
              "line": 20,
              "column": 20
            },
            "end": {
              "line": 20,
              "column": 60
            }
          },
          {
            "start": {
              "line": 20,
              "column": 64
            },
            "end": {
              "line": 20,
              "column": 97
            }
          }
        ],
        "line": 20
      },
      "1": {
        "loc": {
          "start": {
            "line": 21,
            "column": 0
          },
          "end": {
            "line": 35,
            "column": 1
          }
        },
        "type": "if",
        "locations": [
          {
            "start": {
              "line": 21,
              "column": 0
            },
            "end": {
              "line": 35,
              "column": 1
            }
          },
          {
            "start": {},
            "end": {}
          }
        ],
        "line": 21
      },
      "2": {
        "loc": {
          "start": {
            "line": 21,
            "column": 4
          },
          "end": {
            "line": 21,
            "column": 35
          }
        },
        "type": "binary-expr",
        "locations": [
          {
            "start": {
              "line": 21,
              "column": 4
            },
            "end": {
              "line": 21,
              "column": 19
            }
          },
          {
            "start": {
              "line": 21,
              "column": 23
            },
            "end": {
              "line": 21,
              "column": 35
            }
          }
        ],
        "line": 21
      },
      "3": {
        "loc": {
          "start": {
            "line": 22,
            "column": 2
          },
          "end": {
            "line": 26,
            "column": 3
          }
        },
        "type": "if",
        "locations": [
          {
            "start": {
              "line": 22,
              "column": 2
            },
            "end": {
              "line": 26,
              "column": 3
            }
          },
          {
            "start": {},
            "end": {}
          }
        ],
        "line": 22
      },
      "4": {
        "loc": {
          "start": {
            "line": 30,
            "column": 6
          },
          "end": {
            "line": 30,
            "column": 31
          }
        },
        "type": "if",
        "locations": [
          {
            "start": {
              "line": 30,
              "column": 6
            },
            "end": {
              "line": 30,
              "column": 31
            }
          },
          {
            "start": {},
            "end": {}
          }
        ],
        "line": 30
      },
      "5": {
        "loc": {
          "start": {
            "line": 32,
            "column": 6
          },
          "end": {
            "line": 32,
            "column": 75
          }
        },
        "type": "if",
        "locations": [
          {
            "start": {
              "line": 32,
              "column": 6
            },
            "end": {
              "line": 32,
              "column": 75
            }
          },
          {
            "start": {},
            "end": {}
          }
        ],
        "line": 32
      }
    },
    "s": {
      "0": 72,
      "1": 228,
      "2": 228,
      "3": 228,
      "4": 196,
      "5": 228,
      "6": 72,
      "7": 67,
      "8": 72,
      "9": 72,
      "10": 72,
      "11": 72,
      "12": 72,
      "13": 0,
      "14": 72,
      "15": 72,
      "16": 72,
      "17": 0,
      "18": 0,
      "19": 0,
      "20": 0,
      "21": 0,
      "22": 72,
      "23": 72
    },
    "f": {
      "0": 228,
      "1": 196,
      "2": 67,
      "3": 72,
      "4": 0,
      "5": 72,
      "6": 72
    },
    "b": {
      "0": [
        72,
        0
      ],
      "1": [
        72,
        0
      ],
      "2": [
        72,
        72
      ],
      "3": [
        0,
        72
      ],
      "4": [
        0,
        0
      ],
      "5": [
        0,
        0
      ]
    },
    "inputSourceMap": {
      "version": 3,
      "mappings": ";AAAA,SAASA,iBAAiB;AAC1B,SAASC,mBAAmB;AAE5B,SAASC,cAAc;AAAAC,KAAA;AACrB,QAAM,EAAEC,SAAS,IAAIH,YAAY;AAEjCD,YAAU,MAAM;AACdK,WAAOC,SAAS,GAAG,CAAC;AAAA,EACtB,GAAG,CAACF,QAAQ,CAAC;AAEb,SAAO;AACT;AAACD,GARQD,aAAW;AAAA,UACGD,WAAW;AAAA;AAAAM,KADzBL;AAUT,eAAeA;AAAY,IAAAK;AAAAC,aAAAD,IAAA",
      "names": [
        "useEffect",
        "useLocation",
        "ScrollToTop",
        "_s",
        "pathname",
        "window",
        "scrollTo",
        "_c",
        "$RefreshReg$"
      ],
      "ignoreList": [],
      "sources": [
        "C:/Users/Admin/OneDrive/Робочий стіл/spacepedia/spacepedia/src/components/ScrollToTop.jsx"
      ],
      "file": "C:/Users/Admin/OneDrive/Робочий стіл/spacepedia/spacepedia/src/components/ScrollToTop.jsx"
    },
    "_coverageSchema": "1a1c01bbd47fc00a2c39e90264f33305004495a9",
    "hash": "c45db931cc753bd59a9b04936961434b4dbaac78"
  },
  "C:/Users/Admin/OneDrive/Робочий стіл/spacepedia/spacepedia/src/firebase.js": {
    "path": "C:/Users/Admin/OneDrive/Робочий стіл/spacepedia/spacepedia/src/firebase.js",
    "statementMap": {
      "0": {
        "start": {
          "line": 5,
          "column": 23
        },
        "end": {
          "line": 14,
          "column": 1
        }
      },
      "1": {
        "start": {
          "line": 16,
          "column": 12
        },
        "end": {
          "line": 16,
          "column": 41
        }
      },
      "2": {
        "start": {
          "line": 17,
          "column": 20
        },
        "end": {
          "line": 17,
          "column": 32
        }
      },
      "3": {
        "start": {
          "line": 18,
          "column": 18
        },
        "end": {
          "line": 18,
          "column": 34
        }
      }
    },
    "fnMap": {},
    "branchMap": {},
    "s": {
      "0": 72,
      "1": 72,
      "2": 72,
      "3": 72
    },
    "f": {},
    "b": {},
    "inputSourceMap": {
      "version": 3,
      "sources": [
        "C:/Users/Admin/OneDrive/Робочий стіл/spacepedia/spacepedia/src/firebase.js"
      ],
      "names": [],
      "mappings": "AAAA,MAAM,CAAC,CAAC,CAAC,aAAa,CAAC,CAAC,CAAC,IAAI,CAAC,CAAC,QAAQ,CAAC,GAAG,CAAC;AAC5C,MAAM,CAAC,CAAC,CAAC,OAAO,CAAC,CAAC,CAAC,IAAI,CAAC,CAAC,QAAQ,CAAC,IAAI,CAAC;AACvC,MAAM,CAAC,CAAC,CAAC,WAAW,CAAC,CAAC,CAAC,IAAI,CAAC,CAAC,QAAQ,CAAC,QAAQ,CAAC;;AAE/C,KAAK,CAAC,cAAc,CAAC,CAAC,CAAC;AACvB,CAAC,CAAC,MAAM,CAAC,CAAC,CAAC,uCAAuC,CAAC;AACnD,CAAC,CAAC,UAAU,CAAC,CAAC,CAAC,UAAU,CAAC,KAAK,CAAC,WAAW,CAAC,GAAG,CAAC;AAChD,CAAC,CAAC,WAAW,CAAC,CAAC,CAAC,KAAK,CAAC,CAAC,CAAC,UAAU,CAAC,KAAK,CAAC,OAAO,CAAC,IAAI,CAAC,MAAM,CAAC,KAAK,CAAC,gBAAgB,CAAC,GAAG,CAAC;AACxF,CAAC,CAAC,SAAS,CAAC,CAAC,CAAC,UAAU,CAAC,KAAK,CAAC;AAC/B,CAAC,CAAC,aAAa,CAAC,CAAC,CAAC,UAAU,CAAC,KAAK,CAAC,eAAe,CAAC,GAAG,CAAC;AACvD,CAAC,CAAC,iBAAiB,CAAC,CAAC,CAAC,YAAY,CAAC;AACnC,CAAC,CAAC,KAAK,CAAC,CAAC,CAAC,CAAC,CAAC,YAAY,CAAC,GAAG,CAAC,sBAAsB,CAAC;AACpD,CAAC,CAAC,aAAa,CAAC,CAAC,CAAC,CAAC,CAAC,UAAU;AAC9B,CAAC;;AAED,KAAK,CAAC,GAAG,CAAC,CAAC,CAAC,aAAa,CAAC,cAAc,CAAC;AACzC,MAAM,CAAC,KAAK,CAAC,IAAI,CAAC,CAAC,CAAC,OAAO,CAAC,GAAG,CAAC;AAChC,MAAM,CAAC,KAAK,CAAC,EAAE,CAAC,CAAC,CAAC,WAAW,CAAC,GAAG,CAAC;"
    },
    "_coverageSchema": "1a1c01bbd47fc00a2c39e90264f33305004495a9",
    "hash": "0ee28849f371e92070496f2cd711e05a60b5231e"
  },
  "C:/Users/Admin/OneDrive/Робочий стіл/spacepedia/spacepedia/src/context/AuthContext.jsx": {
    "path": "C:/Users/Admin/OneDrive/Робочий стіл/spacepedia/spacepedia/src/context/AuthContext.jsx",
    "statementMap": {
      "0": {
        "start": {
          "line": 2,
          "column": 9
        },
        "end": {
          "line": 2,
          "column": 23
        }
      },
      "1": {
        "start": {
          "line": 2,
          "column": 31
        },
        "end": {
          "line": 2,
          "column": 45
        }
      },
      "2": {
        "start": {
          "line": 16,
          "column": 20
        },
        "end": {
          "line": 16,
          "column": 35
        }
      },
      "3": {
        "start": {
          "line": 17,
          "column": 23
        },
        "end": {
          "line": 22,
          "column": 1
        }
      },
      "4": {
        "start": {
          "line": 18,
          "column": 2
        },
        "end": {
          "line": 18,
          "column": 7
        }
      },
      "5": {
        "start": {
          "line": 19,
          "column": 18
        },
        "end": {
          "line": 19,
          "column": 41
        }
      },
      "6": {
        "start": {
          "line": 20,
          "column": 2
        },
        "end": {
          "line": 20,
          "column": 88
        }
      },
      "7": {
        "start": {
          "line": 20,
          "column": 16
        },
        "end": {
          "line": 20,
          "column": 88
        }
      },
      "8": {
        "start": {
          "line": 21,
          "column": 2
        },
        "end": {
          "line": 21,
          "column": 17
        }
      },
      "9": {
        "start": {
          "line": 23,
          "column": 0
        },
        "end": {
          "line": 23,
          "column": 44
        }
      },
      "10": {
        "start": {
          "line": 24,
          "column": 28
        },
        "end": {
          "line": 117,
          "column": 1
        }
      },
      "11": {
        "start": {
          "line": 25,
          "column": 2
        },
        "end": {
          "line": 25,
          "column": 8
        }
      },
      "12": {
        "start": {
          "line": 26,
          "column": 40
        },
        "end": {
          "line": 26,
          "column": 54
        }
      },
      "13": {
        "start": {
          "line": 27,
          "column": 36
        },
        "end": {
          "line": 27,
          "column": 50
        }
      },
      "14": {
        "start": {
          "line": 28,
          "column": 28
        },
        "end": {
          "line": 28,
          "column": 40
        }
      },
      "15": {
        "start": {
          "line": 29,
          "column": 32
        },
        "end": {
          "line": 29,
          "column": 44
        }
      },
      "16": {
        "start": {
          "line": 30,
          "column": 2
        },
        "end": {
          "line": 47,
          "column": 9
        }
      },
      "17": {
        "start": {
          "line": 31,
          "column": 24
        },
        "end": {
          "line": 45,
          "column": 6
        }
      },
      "18": {
        "start": {
          "line": 32,
          "column": 6
        },
        "end": {
          "line": 43,
          "column": 7
        }
      },
      "19": {
        "start": {
          "line": 33,
          "column": 24
        },
        "end": {
          "line": 33,
          "column": 60
        }
      },
      "20": {
        "start": {
          "line": 34,
          "column": 25
        },
        "end": {
          "line": 34,
          "column": 43
        }
      },
      "21": {
        "start": {
          "line": 35,
          "column": 21
        },
        "end": {
          "line": 35,
          "column": 60
        }
      },
      "22": {
        "start": {
          "line": 36,
          "column": 8
        },
        "end": {
          "line": 40,
          "column": 11
        }
      },
      "23": {
        "start": {
          "line": 42,
          "column": 8
        },
        "end": {
          "line": 42,
          "column": 29
        }
      },
      "24": {
        "start": {
          "line": 44,
          "column": 6
        },
        "end": {
          "line": 44,
          "column": 26
        }
      },
      "25": {
        "start": {
          "line": 46,
          "column": 4
        },
        "end": {
          "line": 46,
          "column": 23
        }
      },
      "26": {
        "start": {
          "line": 48,
          "column": 24
        },
        "end": {
          "line": 51,
          "column": 3
        }
      },
      "27": {
        "start": {
          "line": 49,
          "column": 4
        },
        "end": {
          "line": 49,
          "column": 17
        }
      },
      "28": {
        "start": {
          "line": 50,
          "column": 4
        },
        "end": {
          "line": 50,
          "column": 19
        }
      },
      "29": {
        "start": {
          "line": 52,
          "column": 16
        },
        "end": {
          "line": 73,
          "column": 3
        }
      },
      "30": {
        "start": {
          "line": 53,
          "column": 4
        },
        "end": {
          "line": 72,
          "column": 5
        }
      },
      "31": {
        "start": {
          "line": 54,
          "column": 6
        },
        "end": {
          "line": 54,
          "column": 25
        }
      },
      "32": {
        "start": {
          "line": 55,
          "column": 6
        },
        "end": {
          "line": 55,
          "column": 22
        }
      },
      "33": {
        "start": {
          "line": 56,
          "column": 23
        },
        "end": {
          "line": 56,
          "column": 78
        }
      },
      "34": {
        "start": {
          "line": 57,
          "column": 22
        },
        "end": {
          "line": 57,
          "column": 50
        }
      },
      "35": {
        "start": {
          "line": 58,
          "column": 23
        },
        "end": {
          "line": 58,
          "column": 41
        }
      },
      "36": {
        "start": {
          "line": 59,
          "column": 19
        },
        "end": {
          "line": 59,
          "column": 58
        }
      },
      "37": {
        "start": {
          "line": 60,
          "column": 6
        },
        "end": {
          "line": 64,
          "column": 9
        }
      },
      "38": {
        "start": {
          "line": 65,
          "column": 6
        },
        "end": {
          "line": 65,
          "column": 35
        }
      },
      "39": {
        "start": {
          "line": 66,
          "column": 6
        },
        "end": {
          "line": 66,
          "column": 18
        }
      },
      "40": {
        "start": {
          "line": 68,
          "column": 6
        },
        "end": {
          "line": 68,
          "column": 28
        }
      },
      "41": {
        "start": {
          "line": 69,
          "column": 6
        },
        "end": {
          "line": 69,
          "column": 16
        }
      },
      "42": {
        "start": {
          "line": 71,
          "column": 6
        },
        "end": {
          "line": 71,
          "column": 26
        }
      },
      "43": {
        "start": {
          "line": 74,
          "column": 19
        },
        "end": {
          "line": 96,
          "column": 3
        }
      },
      "44": {
        "start": {
          "line": 75,
          "column": 4
        },
        "end": {
          "line": 95,
          "column": 5
        }
      },
      "45": {
        "start": {
          "line": 76,
          "column": 6
        },
        "end": {
          "line": 76,
          "column": 25
        }
      },
      "46": {
        "start": {
          "line": 77,
          "column": 6
        },
        "end": {
          "line": 77,
          "column": 22
        }
      },
      "47": {
        "start": {
          "line": 78,
          "column": 23
        },
        "end": {
          "line": 78,
          "column": 82
        }
      },
      "48": {
        "start": {
          "line": 79,
          "column": 6
        },
        "end": {
          "line": 82,
          "column": 9
        }
      },
      "49": {
        "start": {
          "line": 83,
          "column": 6
        },
        "end": {
          "line": 87,
          "column": 9
        }
      },
      "50": {
        "start": {
          "line": 88,
          "column": 6
        },
        "end": {
          "line": 88,
          "column": 40
        }
      },
      "51": {
        "start": {
          "line": 89,
          "column": 6
        },
        "end": {
          "line": 89,
          "column": 18
        }
      },
      "52": {
        "start": {
          "line": 91,
          "column": 6
        },
        "end": {
          "line": 91,
          "column": 28
        }
      },
      "53": {
        "start": {
          "line": 92,
          "column": 6
        },
        "end": {
          "line": 92,
          "column": 16
        }
      },
      "54": {
        "start": {
          "line": 94,
          "column": 6
        },
        "end": {
          "line": 94,
          "column": 26
        }
      },
      "55": {
        "start": {
          "line": 97,
          "column": 17
        },
        "end": {
          "line": 101,
          "column": 3
        }
      },
      "56": {
        "start": {
          "line": 98,
          "column": 4
        },
        "end": {
          "line": 98,
          "column": 24
        }
      },
      "57": {
        "start": {
          "line": 99,
          "column": 4
        },
        "end": {
          "line": 99,
          "column": 25
        }
      },
      "58": {
        "start": {
          "line": 100,
          "column": 4
        },
        "end": {
          "line": 100,
          "column": 41
        }
      },
      "59": {
        "start": {
          "line": 102,
          "column": 2
        },
        "end": {
          "line": 116,
          "column": 11
        }
      },
      "60": {
        "start": {
          "line": 118,
          "column": 0
        },
        "end": {
          "line": 118,
          "column": 50
        }
      },
      "61": {
        "start": {
          "line": 119,
          "column": 0
        },
        "end": {
          "line": 119,
          "column": 18
        }
      },
      "62": {
        "start": {
          "line": 121,
          "column": 0
        },
        "end": {
          "line": 121,
          "column": 33
        }
      },
      "63": {
        "start": {
          "line": 123,
          "column": 20
        },
        "end": {
          "line": 123,
          "column": 97
        }
      },
      "64": {
        "start": {
          "line": 124,
          "column": 0
        },
        "end": {
          "line": 138,
          "column": 1
        }
      },
      "65": {
        "start": {
          "line": 125,
          "column": 2
        },
        "end": {
          "line": 129,
          "column": 3
        }
      },
      "66": {
        "start": {
          "line": 126,
          "column": 4
        },
        "end": {
          "line": 128,
          "column": 6
        }
      },
      "67": {
        "start": {
          "line": 130,
          "column": 2
        },
        "end": {
          "line": 137,
          "column": 5
        }
      },
      "68": {
        "start": {
          "line": 131,
          "column": 4
        },
        "end": {
          "line": 131,
          "column": 156
        }
      },
      "69": {
        "start": {
          "line": 132,
          "column": 4
        },
        "end": {
          "line": 136,
          "column": 7
        }
      },
      "70": {
        "start": {
          "line": 133,
          "column": 6
        },
        "end": {
          "line": 133,
          "column": 31
        }
      },
      "71": {
        "start": {
          "line": 133,
          "column": 24
        },
        "end": {
          "line": 133,
          "column": 31
        }
      },
      "72": {
        "start": {
          "line": 134,
          "column": 32
        },
        "end": {
          "line": 134,
          "column": 205
        }
      },
      "73": {
        "start": {
          "line": 135,
          "column": 6
        },
        "end": {
          "line": 135,
          "column": 75
        }
      },
      "74": {
        "start": {
          "line": 135,
          "column": 29
        },
        "end": {
          "line": 135,
          "column": 75
        }
      },
      "75": {
        "start": {
          "line": 140,
          "column": 2
        },
        "end": {
          "line": 140,
          "column": 135
        }
      },
      "76": {
        "start": {
          "line": 143,
          "column": 2
        },
        "end": {
          "line": 143,
          "column": 62
        }
      }
    },
    "fnMap": {
      "0": {
        "name": "(anonymous_0)",
        "decl": {
          "start": {
            "line": 17,
            "column": 23
          },
          "end": {
            "line": 17,
            "column": 24
          }
        },
        "loc": {
          "start": {
            "line": 17,
            "column": 29
          },
          "end": {
            "line": 22,
            "column": 1
          }
        },
        "line": 17
      },
      "1": {
        "name": "(anonymous_1)",
        "decl": {
          "start": {
            "line": 24,
            "column": 28
          },
          "end": {
            "line": 24,
            "column": 29
          }
        },
        "loc": {
          "start": {
            "line": 24,
            "column": 46
          },
          "end": {
            "line": 117,
            "column": 1
          }
        },
        "line": 24
      },
      "2": {
        "name": "(anonymous_2)",
        "decl": {
          "start": {
            "line": 30,
            "column": 12
          },
          "end": {
            "line": 30,
            "column": 13
          }
        },
        "loc": {
          "start": {
            "line": 30,
            "column": 18
          },
          "end": {
            "line": 47,
            "column": 3
          }
        },
        "line": 30
      },
      "3": {
        "name": "(anonymous_3)",
        "decl": {
          "start": {
            "line": 31,
            "column": 49
          },
          "end": {
            "line": 31,
            "column": 50
          }
        },
        "loc": {
          "start": {
            "line": 31,
            "column": 73
          },
          "end": {
            "line": 45,
            "column": 5
          }
        },
        "line": 31
      },
      "4": {
        "name": "(anonymous_4)",
        "decl": {
          "start": {
            "line": 48,
            "column": 24
          },
          "end": {
            "line": 48,
            "column": 25
          }
        },
        "loc": {
          "start": {
            "line": 48,
            "column": 30
          },
          "end": {
            "line": 51,
            "column": 3
          }
        },
        "line": 48
      },
      "5": {
        "name": "(anonymous_5)",
        "decl": {
          "start": {
            "line": 52,
            "column": 16
          },
          "end": {
            "line": 52,
            "column": 17
          }
        },
        "loc": {
          "start": {
            "line": 52,
            "column": 47
          },
          "end": {
            "line": 73,
            "column": 3
          }
        },
        "line": 52
      },
      "6": {
        "name": "(anonymous_6)",
        "decl": {
          "start": {
            "line": 74,
            "column": 19
          },
          "end": {
            "line": 74,
            "column": 20
          }
        },
        "loc": {
          "start": {
            "line": 74,
            "column": 65
          },
          "end": {
            "line": 96,
            "column": 3
          }
        },
        "line": 74
      },
      "7": {
        "name": "(anonymous_7)",
        "decl": {
          "start": {
            "line": 97,
            "column": 17
          },
          "end": {
            "line": 97,
            "column": 18
          }
        },
        "loc": {
          "start": {
            "line": 97,
            "column": 29
          },
          "end": {
            "line": 101,
            "column": 3
          }
        },
        "line": 97
      },
      "8": {
        "name": "(anonymous_8)",
        "decl": {
          "start": {
            "line": 130,
            "column": 52
          },
          "end": {
            "line": 130,
            "column": 53
          }
        },
        "loc": {
          "start": {
            "line": 130,
            "column": 72
          },
          "end": {
            "line": 137,
            "column": 3
          }
        },
        "line": 130
      },
      "9": {
        "name": "(anonymous_9)",
        "decl": {
          "start": {
            "line": 132,
            "column": 27
          },
          "end": {
            "line": 132,
            "column": 28
          }
        },
        "loc": {
          "start": {
            "line": 132,
            "column": 44
          },
          "end": {
            "line": 136,
            "column": 5
          }
        },
        "line": 132
      },
      "10": {
        "name": "$RefreshReg$",
        "decl": {
          "start": {
            "line": 139,
            "column": 9
          },
          "end": {
            "line": 139,
            "column": 21
          }
        },
        "loc": {
          "start": {
            "line": 139,
            "column": 32
          },
          "end": {
            "line": 141,
            "column": 1
          }
        },
        "line": 139
      },
      "11": {
        "name": "$RefreshSig$",
        "decl": {
          "start": {
            "line": 142,
            "column": 9
          },
          "end": {
            "line": 142,
            "column": 21
          }
        },
        "loc": {
          "start": {
            "line": 142,
            "column": 24
          },
          "end": {
            "line": 144,
            "column": 1
          }
        },
        "line": 142
      }
    },
    "branchMap": {
      "0": {
        "loc": {
          "start": {
            "line": 20,
            "column": 2
          },
          "end": {
            "line": 20,
            "column": 88
          }
        },
        "type": "if",
        "locations": [
          {
            "start": {
              "line": 20,
              "column": 2
            },
            "end": {
              "line": 20,
              "column": 88
            }
          },
          {
            "start": {},
            "end": {}
          }
        ],
        "line": 20
      },
      "1": {
        "loc": {
          "start": {
            "line": 32,
            "column": 6
          },
          "end": {
            "line": 43,
            "column": 7
          }
        },
        "type": "if",
        "locations": [
          {
            "start": {
              "line": 32,
              "column": 6
            },
            "end": {
              "line": 43,
              "column": 7
            }
          },
          {
            "start": {
              "line": 41,
              "column": 13
            },
            "end": {
              "line": 43,
              "column": 7
            }
          }
        ],
        "line": 32
      },
      "2": {
        "loc": {
          "start": {
            "line": 35,
            "column": 21
          },
          "end": {
            "line": 35,
            "column": 60
          }
        },
        "type": "cond-expr",
        "locations": [
          {
            "start": {
              "line": 35,
              "column": 41
            },
            "end": {
              "line": 35,
              "column": 55
            }
          },
          {
            "start": {
              "line": 35,
              "column": 58
            },
            "end": {
              "line": 35,
              "column": 60
            }
          }
        ],
        "line": 35
      },
      "3": {
        "loc": {
          "start": {
            "line": 39,
            "column": 17
          },
          "end": {
            "line": 39,
            "column": 35
          }
        },
        "type": "binary-expr",
        "locations": [
          {
            "start": {
              "line": 39,
              "column": 17
            },
            "end": {
              "line": 39,
              "column": 27
            }
          },
          {
            "start": {
              "line": 39,
              "column": 31
            },
            "end": {
              "line": 39,
              "column": 35
            }
          }
        ],
        "line": 39
      },
      "4": {
        "loc": {
          "start": {
            "line": 59,
            "column": 19
          },
          "end": {
            "line": 59,
            "column": 58
          }
        },
        "type": "cond-expr",
        "locations": [
          {
            "start": {
              "line": 59,
              "column": 39
            },
            "end": {
              "line": 59,
              "column": 53
            }
          },
          {
            "start": {
              "line": 59,
              "column": 56
            },
            "end": {
              "line": 59,
              "column": 58
            }
          }
        ],
        "line": 59
      },
      "5": {
        "loc": {
          "start": {
            "line": 63,
            "column": 15
          },
          "end": {
            "line": 63,
            "column": 33
          }
        },
        "type": "binary-expr",
        "locations": [
          {
            "start": {
              "line": 63,
              "column": 15
            },
            "end": {
              "line": 63,
              "column": 25
            }
          },
          {
            "start": {
              "line": 63,
              "column": 29
            },
            "end": {
              "line": 63,
              "column": 33
            }
          }
        ],
        "line": 63
      },
      "6": {
        "loc": {
          "start": {
            "line": 112,
            "column": 15
          },
          "end": {
            "line": 112,
            "column": 37
          }
        },
        "type": "binary-expr",
        "locations": [
          {
            "start": {
              "line": 112,
              "column": 15
            },
            "end": {
              "line": 112,
              "column": 25
            }
          },
          {
            "start": {
              "line": 112,
              "column": 29
            },
            "end": {
              "line": 112,
              "column": 37
            }
          }
        ],
        "line": 112
      },
      "7": {
        "loc": {
          "start": {
            "line": 123,
            "column": 20
          },
          "end": {
            "line": 123,
            "column": 97
          }
        },
        "type": "binary-expr",
        "locations": [
          {
            "start": {
              "line": 123,
              "column": 20
            },
            "end": {
              "line": 123,
              "column": 60
            }
          },
          {
            "start": {
              "line": 123,
              "column": 64
            },
            "end": {
              "line": 123,
              "column": 97
            }
          }
        ],
        "line": 123
      },
      "8": {
        "loc": {
          "start": {
            "line": 124,
            "column": 0
          },
          "end": {
            "line": 138,
            "column": 1
          }
        },
        "type": "if",
        "locations": [
          {
            "start": {
              "line": 124,
              "column": 0
            },
            "end": {
              "line": 138,
              "column": 1
            }
          },
          {
            "start": {},
            "end": {}
          }
        ],
        "line": 124
      },
      "9": {
        "loc": {
          "start": {
            "line": 124,
            "column": 4
          },
          "end": {
            "line": 124,
            "column": 35
          }
        },
        "type": "binary-expr",
        "locations": [
          {
            "start": {
              "line": 124,
              "column": 4
            },
            "end": {
              "line": 124,
              "column": 19
            }
          },
          {
            "start": {
              "line": 124,
              "column": 23
            },
            "end": {
              "line": 124,
              "column": 35
            }
          }
        ],
        "line": 124
      },
      "10": {
        "loc": {
          "start": {
            "line": 125,
            "column": 2
          },
          "end": {
            "line": 129,
            "column": 3
          }
        },
        "type": "if",
        "locations": [
          {
            "start": {
              "line": 125,
              "column": 2
            },
            "end": {
              "line": 129,
              "column": 3
            }
          },
          {
            "start": {},
            "end": {}
          }
        ],
        "line": 125
      },
      "11": {
        "loc": {
          "start": {
            "line": 133,
            "column": 6
          },
          "end": {
            "line": 133,
            "column": 31
          }
        },
        "type": "if",
        "locations": [
          {
            "start": {
              "line": 133,
              "column": 6
            },
            "end": {
              "line": 133,
              "column": 31
            }
          },
          {
            "start": {},
            "end": {}
          }
        ],
        "line": 133
      },
      "12": {
        "loc": {
          "start": {
            "line": 135,
            "column": 6
          },
          "end": {
            "line": 135,
            "column": 75
          }
        },
        "type": "if",
        "locations": [
          {
            "start": {
              "line": 135,
              "column": 6
            },
            "end": {
              "line": 135,
              "column": 75
            }
          },
          {
            "start": {},
            "end": {}
          }
        ],
        "line": 135
      }
    },
    "s": {
      "0": 72,
      "1": 72,
      "2": 72,
      "3": 72,
      "4": 1914,
      "5": 1914,
      "6": 1914,
      "7": 0,
      "8": 1914,
      "9": 72,
      "10": 72,
      "11": 368,
      "12": 368,
      "13": 368,
      "14": 368,
      "15": 368,
      "16": 368,
      "17": 144,
      "18": 82,
      "19": 15,
      "20": 15,
      "21": 15,
      "22": 15,
      "23": 67,
      "24": 82,
      "25": 144,
      "26": 368,
      "27": 18,
      "28": 18,
      "29": 368,
      "30": 12,
      "31": 12,
      "32": 12,
      "33": 12,
      "34": 9,
      "35": 9,
      "36": 9,
      "37": 9,
      "38": 9,
      "39": 9,
      "40": 3,
      "41": 3,
      "42": 12,
      "43": 368,
      "44": 6,
      "45": 6,
      "46": 6,
      "47": 6,
      "48": 0,
      "49": 0,
      "50": 0,
      "51": 0,
      "52": 6,
      "53": 6,
      "54": 6,
      "55": 368,
      "56": 6,
      "57": 6,
      "58": 6,
      "59": 368,
      "60": 72,
      "61": 72,
      "62": 72,
      "63": 72,
      "64": 72,
      "65": 72,
      "66": 0,
      "67": 72,
      "68": 72,
      "69": 72,
      "70": 0,
      "71": 0,
      "72": 0,
      "73": 0,
      "74": 0,
      "75": 72,
      "76": 144
    },
    "f": {
      "0": 1914,
      "1": 368,
      "2": 144,
      "3": 82,
      "4": 18,
      "5": 12,
      "6": 6,
      "7": 6,
      "8": 72,
      "9": 0,
      "10": 72,
      "11": 144
    },
    "b": {
      "0": [
        0,
        1914
      ],
      "1": [
        15,
        67
      ],
      "2": [
        15,
        0
      ],
      "3": [
        15,
        0
      ],
      "4": [
        9,
        0
      ],
      "5": [
        9,
        0
      ],
      "6": [
        368,
        188
      ],
      "7": [
        72,
        0
      ],
      "8": [
        72,
        0
      ],
      "9": [
        72,
        72
      ],
      "10": [
        0,
        72
      ],
      "11": [
        0,
        0
      ],
      "12": [
        0,
        0
      ]
    },
    "inputSourceMap": {
      "version": 3,
      "mappings": "AAuHI;;AAvHJ;AAAA,EACEA;AAAAA,EACAC;AAAAA,EACAC;AAAAA,EACAC;AAAAA,OACK;AAEP;AAAA,EACEC;AAAAA,EACAC;AAAAA,EACAC;AAAAA,OACK;AAEP,SAASC,eAAeC,YAAYC,WAAWC,gBAAgB;AAC/D,SAASC,MAAMC,UAAU;AAEzB,MAAMC,cAAcN,cAAc;AAE3B,aAAMO,UAAUA,MAAM;AAAAC,KAAA;AAC3B,QAAMC,UAAUR,WAAWK,WAAW;AACtC,MAAI,CAACG,QAAS,OAAM,IAAIC,MAAM,sDAAsD;AACpF,SAAOD;AACT;AAAED,GAJWD,SAAO;AAMb,aAAMI,eAAeA,CAAC,EAAEC,SAAS,MAAM;AAAAC,MAAA;AAC5C,QAAM,CAACC,aAAaC,cAAc,IAAIZ,SAAS,IAAI;AACnD,QAAM,CAACa,WAAWC,YAAY,IAAId,SAAS,IAAI;AAC/C,QAAM,CAACe,OAAOC,QAAQ,IAAIhB,SAAS,EAAE;AACrC,QAAM,CAACiB,SAASC,UAAU,IAAIlB,SAAS,EAAE;AAEzCD,YAAU,MAAM;AACd,UAAMoB,cAAc5B,mBAAmBU,MAAM,OAAOmB,iBAAiB;AACnE,UAAIA,cAAc;AAChB,cAAMC,UAAU1B,IAAIO,IAAI,SAASkB,aAAaE,GAAG,EAAE;AACnD,cAAMC,WAAW,MAAM7B,IAAI2B,OAAO;AAClC,cAAMG,OAAOD,SAASE,OAAO,IAAIF,SAASG,IAAI,IAAI,CAAC;AAEnDd,uBAAe;AAAA,UACbU,KAAKF,aAAaE;AAAAA,UAClBK,OAAOP,aAAaO;AAAAA,UACpBC,OAAOJ,KAAKI,SAAS;AAAA,QACvB,CAAC;AAAA,MACH,OAAO;AACLhB,uBAAe,IAAI;AAAA,MACrB;AACAE,mBAAa,KAAK;AAAA,IACpB,CAAC;AAED,WAAOK;AAAAA,EACT,GAAG,EAAE;AAEL,QAAMU,gBAAgBA,MAAM;AAC1Bb,aAAS,EAAE;AACXE,eAAW,EAAE;AAAA,EACf;AAEA,QAAMU,QAAQ,OAAO,EAAED,OAAOG,SAAS,MAAM;AAC3C,QAAI;AACFhB,mBAAa,IAAI;AACjBe,oBAAc;AAEd,YAAM,EAAEE,KAAK,IAAI,MAAMvC,2BAA2BS,MAAM0B,OAAOG,QAAQ;AACvE,YAAMT,UAAU1B,IAAIO,IAAI,SAAS6B,KAAKT,GAAG,EAAE;AAC3C,YAAMC,WAAW,MAAM7B,IAAI2B,OAAO;AAClC,YAAMG,OAAOD,SAASE,OAAO,IAAIF,SAASG,IAAI,IAAI,CAAC;AAEnDd,qBAAe;AAAA,QACbU,KAAKS,KAAKT;AAAAA,QACVK,OAAOI,KAAKJ;AAAAA,QACZC,OAAOJ,KAAKI,SAAS;AAAA,MACvB,CAAC;AAEDV,iBAAW,gBAAgB;AAC3B,aAAOa;AAAAA,IAET,SAASC,KAAK;AACZhB,eAASgB,IAAIC,OAAO;AACpB,YAAMD;AAAAA,IACR,UAAC;AACClB,mBAAa,KAAK;AAAA,IACpB;AAAA,EACF;AAEA,QAAMoB,WAAW,OAAO,EAAEP,OAAOG,UAAUF,cAAM,MAAM;AACrD,QAAI;AACFd,mBAAa,IAAI;AACjBe,oBAAc;AAEd,YAAM,EAAEE,KAAK,IAAI,MAAMzC,+BAA+BW,MAAM0B,OAAOG,QAAQ;AAE3E,YAAMlC,IAAID,IAAIO,IAAI,SAAS6B,KAAKT,GAAG,EAAE,GAAG;AAAA,QACtCM;AAAAA,QACAD;AAAAA,MACF,CAAC;AAEDf,qBAAe;AAAA,QACbU,KAAKS,KAAKT;AAAAA,QACVK,OAAOI,KAAKJ;AAAAA,QACZC;AAAAA,MACF,CAAC;AAEDV,iBAAW,qBAAqB;AAChC,aAAOa;AAAAA,IAET,SAASC,KAAK;AACZhB,eAASgB,IAAIC,OAAO;AACpB,YAAMD;AAAAA,IACR,UAAC;AACClB,mBAAa,KAAK;AAAA,IACpB;AAAA,EACF;AAEA,QAAMqB,SAAS,YAAY;AACzB,UAAM1C,QAAQQ,IAAI;AAClBW,mBAAe,IAAI;AACnBM,eAAW,wBAAwB;AAAA,EACrC;AAEA,SACE,uBAAC,YAAY,UAAZ,EAAqB,OAAO;AAAA,IAC3BP;AAAAA,IACAE;AAAAA,IACAE;AAAAA,IACAE;AAAAA,IACAW;AAAAA,IACAM;AAAAA,IACAC;AAAAA,IACAC,iBAAiB,CAAC,CAACzB;AAAAA,IACnBkB;AAAAA,EACF,GACG,WAAChB,aAAaJ,YAXjB;AAAA;AAAA;AAAA;AAAA,SAYA;AAEJ;AAAEC,IA7GWF,cAAY;AAAA6B,KAAZ7B;AAAY,IAAA6B;AAAAC,aAAAD,IAAA",
      "names": [
        "createUserWithEmailAndPassword",
        "onAuthStateChanged",
        "signInWithEmailAndPassword",
        "signOut",
        "get",
        "ref",
        "set",
        "createContext",
        "useContext",
        "useEffect",
        "useState",
        "auth",
        "db",
        "AuthContext",
        "useAuth",
        "_s",
        "context",
        "Error",
        "AuthProvider",
        "children",
        "_s2",
        "currentUser",
        "setCurrentUser",
        "isLoading",
        "setIsLoading",
        "error",
        "setError",
        "success",
        "setSuccess",
        "unsubscribe",
        "firebaseUser",
        "userRef",
        "uid",
        "snapshot",
        "data",
        "exists",
        "val",
        "email",
        "login",
        "clearMessages",
        "password",
        "user",
        "err",
        "message",
        "register",
        "logout",
        "isAuthenticated",
        "_c",
        "$RefreshReg$"
      ],
      "ignoreList": [],
      "sources": [
        "C:/Users/Admin/OneDrive/Робочий стіл/spacepedia/spacepedia/src/context/AuthContext.jsx"
      ],
      "file": "C:/Users/Admin/OneDrive/Робочий стіл/spacepedia/spacepedia/src/context/AuthContext.jsx"
    },
    "_coverageSchema": "1a1c01bbd47fc00a2c39e90264f33305004495a9",
    "hash": "c11cc5a357436a018df41e2907ade2e3205788dc"
  },
  "C:/Users/Admin/OneDrive/Робочий стіл/spacepedia/spacepedia/src/components/Button.jsx": {
    "path": "C:/Users/Admin/OneDrive/Робочий стіл/spacepedia/spacepedia/src/components/Button.jsx",
    "statementMap": {
      "0": {
        "start": {
          "line": 3,
          "column": 15
        },
        "end": {
          "line": 22,
          "column": 1
        }
      },
      "1": {
        "start": {
          "line": 4,
          "column": 2
        },
        "end": {
          "line": 21,
          "column": 4
        }
      },
      "2": {
        "start": {
          "line": 23,
          "column": 0
        },
        "end": {
          "line": 23,
          "column": 12
        }
      },
      "3": {
        "start": {
          "line": 26,
          "column": 0
        },
        "end": {
          "line": 26,
          "column": 27
        }
      },
      "4": {
        "start": {
          "line": 28,
          "column": 20
        },
        "end": {
          "line": 28,
          "column": 97
        }
      },
      "5": {
        "start": {
          "line": 29,
          "column": 0
        },
        "end": {
          "line": 43,
          "column": 1
        }
      },
      "6": {
        "start": {
          "line": 30,
          "column": 2
        },
        "end": {
          "line": 34,
          "column": 3
        }
      },
      "7": {
        "start": {
          "line": 31,
          "column": 4
        },
        "end": {
          "line": 33,
          "column": 6
        }
      },
      "8": {
        "start": {
          "line": 35,
          "column": 2
        },
        "end": {
          "line": 42,
          "column": 5
        }
      },
      "9": {
        "start": {
          "line": 36,
          "column": 4
        },
        "end": {
          "line": 36,
          "column": 154
        }
      },
      "10": {
        "start": {
          "line": 37,
          "column": 4
        },
        "end": {
          "line": 41,
          "column": 7
        }
      },
      "11": {
        "start": {
          "line": 38,
          "column": 6
        },
        "end": {
          "line": 38,
          "column": 31
        }
      },
      "12": {
        "start": {
          "line": 38,
          "column": 24
        },
        "end": {
          "line": 38,
          "column": 31
        }
      },
      "13": {
        "start": {
          "line": 39,
          "column": 32
        },
        "end": {
          "line": 39,
          "column": 203
        }
      },
      "14": {
        "start": {
          "line": 40,
          "column": 6
        },
        "end": {
          "line": 40,
          "column": 75
        }
      },
      "15": {
        "start": {
          "line": 40,
          "column": 29
        },
        "end": {
          "line": 40,
          "column": 75
        }
      },
      "16": {
        "start": {
          "line": 45,
          "column": 2
        },
        "end": {
          "line": 45,
          "column": 133
        }
      },
      "17": {
        "start": {
          "line": 48,
          "column": 2
        },
        "end": {
          "line": 48,
          "column": 62
        }
      }
    },
    "fnMap": {
      "0": {
        "name": "(anonymous_0)",
        "decl": {
          "start": {
            "line": 3,
            "column": 15
          },
          "end": {
            "line": 3,
            "column": 16
          }
        },
        "loc": {
          "start": {
            "line": 3,
            "column": 77
          },
          "end": {
            "line": 22,
            "column": 1
          }
        },
        "line": 3
      },
      "1": {
        "name": "(anonymous_1)",
        "decl": {
          "start": {
            "line": 35,
            "column": 52
          },
          "end": {
            "line": 35,
            "column": 53
          }
        },
        "loc": {
          "start": {
            "line": 35,
            "column": 72
          },
          "end": {
            "line": 42,
            "column": 3
          }
        },
        "line": 35
      },
      "2": {
        "name": "(anonymous_2)",
        "decl": {
          "start": {
            "line": 37,
            "column": 27
          },
          "end": {
            "line": 37,
            "column": 28
          }
        },
        "loc": {
          "start": {
            "line": 37,
            "column": 44
          },
          "end": {
            "line": 41,
            "column": 5
          }
        },
        "line": 37
      },
      "3": {
        "name": "$RefreshReg$",
        "decl": {
          "start": {
            "line": 44,
            "column": 9
          },
          "end": {
            "line": 44,
            "column": 21
          }
        },
        "loc": {
          "start": {
            "line": 44,
            "column": 32
          },
          "end": {
            "line": 46,
            "column": 1
          }
        },
        "line": 44
      },
      "4": {
        "name": "$RefreshSig$",
        "decl": {
          "start": {
            "line": 47,
            "column": 9
          },
          "end": {
            "line": 47,
            "column": 21
          }
        },
        "loc": {
          "start": {
            "line": 47,
            "column": 24
          },
          "end": {
            "line": 49,
            "column": 1
          }
        },
        "line": 47
      }
    },
    "branchMap": {
      "0": {
        "loc": {
          "start": {
            "line": 3,
            "column": 37
          },
          "end": {
            "line": 3,
            "column": 53
          }
        },
        "type": "default-arg",
        "locations": [
          {
            "start": {
              "line": 3,
              "column": 48
            },
            "end": {
              "line": 3,
              "column": 53
            }
          }
        ],
        "line": 3
      },
      "1": {
        "loc": {
          "start": {
            "line": 3,
            "column": 55
          },
          "end": {
            "line": 3,
            "column": 70
          }
        },
        "type": "default-arg",
        "locations": [
          {
            "start": {
              "line": 3,
              "column": 62
            },
            "end": {
              "line": 3,
              "column": 70
            }
          }
        ],
        "line": 3
      },
      "2": {
        "loc": {
          "start": {
            "line": 8,
            "column": 24
          },
          "end": {
            "line": 8,
            "column": 54
          }
        },
        "type": "cond-expr",
        "locations": [
          {
            "start": {
              "line": 8,
              "column": 35
            },
            "end": {
              "line": 8,
              "column": 49
            }
          },
          {
            "start": {
              "line": 8,
              "column": 52
            },
            "end": {
              "line": 8,
              "column": 54
            }
          }
        ],
        "line": 8
      },
      "3": {
        "loc": {
          "start": {
            "line": 28,
            "column": 20
          },
          "end": {
            "line": 28,
            "column": 97
          }
        },
        "type": "binary-expr",
        "locations": [
          {
            "start": {
              "line": 28,
              "column": 20
            },
            "end": {
              "line": 28,
              "column": 60
            }
          },
          {
            "start": {
              "line": 28,
              "column": 64
            },
            "end": {
              "line": 28,
              "column": 97
            }
          }
        ],
        "line": 28
      },
      "4": {
        "loc": {
          "start": {
            "line": 29,
            "column": 0
          },
          "end": {
            "line": 43,
            "column": 1
          }
        },
        "type": "if",
        "locations": [
          {
            "start": {
              "line": 29,
              "column": 0
            },
            "end": {
              "line": 43,
              "column": 1
            }
          },
          {
            "start": {},
            "end": {}
          }
        ],
        "line": 29
      },
      "5": {
        "loc": {
          "start": {
            "line": 29,
            "column": 4
          },
          "end": {
            "line": 29,
            "column": 35
          }
        },
        "type": "binary-expr",
        "locations": [
          {
            "start": {
              "line": 29,
              "column": 4
            },
            "end": {
              "line": 29,
              "column": 19
            }
          },
          {
            "start": {
              "line": 29,
              "column": 23
            },
            "end": {
              "line": 29,
              "column": 35
            }
          }
        ],
        "line": 29
      },
      "6": {
        "loc": {
          "start": {
            "line": 30,
            "column": 2
          },
          "end": {
            "line": 34,
            "column": 3
          }
        },
        "type": "if",
        "locations": [
          {
            "start": {
              "line": 30,
              "column": 2
            },
            "end": {
              "line": 34,
              "column": 3
            }
          },
          {
            "start": {},
            "end": {}
          }
        ],
        "line": 30
      },
      "7": {
        "loc": {
          "start": {
            "line": 38,
            "column": 6
          },
          "end": {
            "line": 38,
            "column": 31
          }
        },
        "type": "if",
        "locations": [
          {
            "start": {
              "line": 38,
              "column": 6
            },
            "end": {
              "line": 38,
              "column": 31
            }
          },
          {
            "start": {},
            "end": {}
          }
        ],
        "line": 38
      },
      "8": {
        "loc": {
          "start": {
            "line": 40,
            "column": 6
          },
          "end": {
            "line": 40,
            "column": 75
          }
        },
        "type": "if",
        "locations": [
          {
            "start": {
              "line": 40,
              "column": 6
            },
            "end": {
              "line": 40,
              "column": 75
            }
          },
          {
            "start": {},
            "end": {}
          }
        ],
        "line": 40
      }
    },
    "s": {
      "0": 72,
      "1": 2306,
      "2": 72,
      "3": 72,
      "4": 72,
      "5": 72,
      "6": 72,
      "7": 0,
      "8": 72,
      "9": 72,
      "10": 72,
      "11": 0,
      "12": 0,
      "13": 0,
      "14": 0,
      "15": 0,
      "16": 72,
      "17": 0
    },
    "f": {
      "0": 2306,
      "1": 72,
      "2": 0,
      "3": 72,
      "4": 0
    },
    "b": {
      "0": [
        744
      ],
      "1": [
        744
      ],
      "2": [
        0,
        2306
      ],
      "3": [
        72,
        0
      ],
      "4": [
        72,
        0
      ],
      "5": [
        72,
        72
      ],
      "6": [
        0,
        72
      ],
      "7": [
        0,
        0
      ],
      "8": [
        0,
        0
      ]
    },
    "inputSourceMap": {
      "version": 3,
      "mappings": "AAII;AAJJ,OAAO;AAEP,MAAMA,SAASA,CAAC,EAAEC,UAAUC,SAASC,WAAW,OAAOC,OAAO,SAAS,MAAM;AAC3E,SACE;AAAA,IAAC;AAAA;AAAA,MACC;AAAA,MACA,WAAW,OAAOD,WAAW,iBAAiB,EAAE;AAAA,MAChD;AAAA,MACA;AAAA,MAECF;AAAAA;AAAAA,IANH;AAAA;AAAA;AAAA;AAAA;AAAA;AAAA;AAAA;AAAA,EAOA;AAEJ;AAAEI,KAXIL;AAaN,eAAeA;AAAO,IAAAK;AAAAC,aAAAD,IAAA",
      "names": [
        "Button",
        "children",
        "onClick",
        "disabled",
        "type",
        "_c",
        "$RefreshReg$"
      ],
      "ignoreList": [],
      "sources": [
        "C:/Users/Admin/OneDrive/Робочий стіл/spacepedia/spacepedia/src/components/Button.jsx"
      ],
      "file": "C:/Users/Admin/OneDrive/Робочий стіл/spacepedia/spacepedia/src/components/Button.jsx"
    },
    "_coverageSchema": "1a1c01bbd47fc00a2c39e90264f33305004495a9",
    "hash": "1f18a1b6a96e828f6829207357d3df73dffca971"
  },
  "C:/Users/Admin/OneDrive/Робочий стіл/spacepedia/spacepedia/src/components/Paragraph.jsx": {
    "path": "C:/Users/Admin/OneDrive/Робочий стіл/spacepedia/spacepedia/src/components/Paragraph.jsx",
    "statementMap": {
      "0": {
        "start": {
          "line": 3,
          "column": 18
        },
        "end": {
          "line": 74,
          "column": 1
        }
      },
      "1": {
        "start": {
          "line": 10,
          "column": 2
        },
        "end": {
          "line": 24,
          "column": 3
        }
      },
      "2": {
        "start": {
          "line": 11,
          "column": 4
        },
        "end": {
          "line": 23,
          "column": 13
        }
      },
      "3": {
        "start": {
          "line": 25,
          "column": 2
        },
        "end": {
          "line": 60,
          "column": 3
        }
      },
      "4": {
        "start": {
          "line": 26,
          "column": 4
        },
        "end": {
          "line": 59,
          "column": 6
        }
      },
      "5": {
        "start": {
          "line": 61,
          "column": 2
        },
        "end": {
          "line": 73,
          "column": 11
        }
      },
      "6": {
        "start": {
          "line": 75,
          "column": 0
        },
        "end": {
          "line": 75,
          "column": 15
        }
      },
      "7": {
        "start": {
          "line": 78,
          "column": 0
        },
        "end": {
          "line": 78,
          "column": 30
        }
      },
      "8": {
        "start": {
          "line": 80,
          "column": 20
        },
        "end": {
          "line": 80,
          "column": 97
        }
      },
      "9": {
        "start": {
          "line": 81,
          "column": 0
        },
        "end": {
          "line": 95,
          "column": 1
        }
      },
      "10": {
        "start": {
          "line": 82,
          "column": 2
        },
        "end": {
          "line": 86,
          "column": 3
        }
      },
      "11": {
        "start": {
          "line": 83,
          "column": 4
        },
        "end": {
          "line": 85,
          "column": 6
        }
      },
      "12": {
        "start": {
          "line": 87,
          "column": 2
        },
        "end": {
          "line": 94,
          "column": 5
        }
      },
      "13": {
        "start": {
          "line": 88,
          "column": 4
        },
        "end": {
          "line": 88,
          "column": 157
        }
      },
      "14": {
        "start": {
          "line": 89,
          "column": 4
        },
        "end": {
          "line": 93,
          "column": 7
        }
      },
      "15": {
        "start": {
          "line": 90,
          "column": 6
        },
        "end": {
          "line": 90,
          "column": 31
        }
      },
      "16": {
        "start": {
          "line": 90,
          "column": 24
        },
        "end": {
          "line": 90,
          "column": 31
        }
      },
      "17": {
        "start": {
          "line": 91,
          "column": 32
        },
        "end": {
          "line": 91,
          "column": 206
        }
      },
      "18": {
        "start": {
          "line": 92,
          "column": 6
        },
        "end": {
          "line": 92,
          "column": 75
        }
      },
      "19": {
        "start": {
          "line": 92,
          "column": 29
        },
        "end": {
          "line": 92,
          "column": 75
        }
      },
      "20": {
        "start": {
          "line": 97,
          "column": 2
        },
        "end": {
          "line": 97,
          "column": 136
        }
      },
      "21": {
        "start": {
          "line": 100,
          "column": 2
        },
        "end": {
          "line": 100,
          "column": 62
        }
      }
    },
    "fnMap": {
      "0": {
        "name": "(anonymous_0)",
        "decl": {
          "start": {
            "line": 3,
            "column": 18
          },
          "end": {
            "line": 3,
            "column": 19
          }
        },
        "loc": {
          "start": {
            "line": 9,
            "column": 6
          },
          "end": {
            "line": 74,
            "column": 1
          }
        },
        "line": 9
      },
      "1": {
        "name": "(anonymous_1)",
        "decl": {
          "start": {
            "line": 87,
            "column": 52
          },
          "end": {
            "line": 87,
            "column": 53
          }
        },
        "loc": {
          "start": {
            "line": 87,
            "column": 72
          },
          "end": {
            "line": 94,
            "column": 3
          }
        },
        "line": 87
      },
      "2": {
        "name": "(anonymous_2)",
        "decl": {
          "start": {
            "line": 89,
            "column": 27
          },
          "end": {
            "line": 89,
            "column": 28
          }
        },
        "loc": {
          "start": {
            "line": 89,
            "column": 44
          },
          "end": {
            "line": 93,
            "column": 5
          }
        },
        "line": 89
      },
      "3": {
        "name": "$RefreshReg$",
        "decl": {
          "start": {
            "line": 96,
            "column": 9
          },
          "end": {
            "line": 96,
            "column": 21
          }
        },
        "loc": {
          "start": {
            "line": 96,
            "column": 32
          },
          "end": {
            "line": 98,
            "column": 1
          }
        },
        "line": 96
      },
      "4": {
        "name": "$RefreshSig$",
        "decl": {
          "start": {
            "line": 99,
            "column": 9
          },
          "end": {
            "line": 99,
            "column": 21
          }
        },
        "loc": {
          "start": {
            "line": 99,
            "column": 24
          },
          "end": {
            "line": 101,
            "column": 1
          }
        },
        "line": 99
      }
    },
    "branchMap": {
      "0": {
        "loc": {
          "start": {
            "line": 6,
            "column": 2
          },
          "end": {
            "line": 6,
            "column": 24
          }
        },
        "type": "default-arg",
        "locations": [
          {
            "start": {
              "line": 6,
              "column": 18
            },
            "end": {
              "line": 6,
              "column": 24
            }
          }
        ],
        "line": 6
      },
      "1": {
        "loc": {
          "start": {
            "line": 7,
            "column": 2
          },
          "end": {
            "line": 7,
            "column": 15
          }
        },
        "type": "default-arg",
        "locations": [
          {
            "start": {
              "line": 7,
              "column": 13
            },
            "end": {
              "line": 7,
              "column": 15
            }
          }
        ],
        "line": 7
      },
      "2": {
        "loc": {
          "start": {
            "line": 8,
            "column": 2
          },
          "end": {
            "line": 8,
            "column": 19
          }
        },
        "type": "default-arg",
        "locations": [
          {
            "start": {
              "line": 8,
              "column": 14
            },
            "end": {
              "line": 8,
              "column": 19
            }
          }
        ],
        "line": 8
      },
      "3": {
        "loc": {
          "start": {
            "line": 10,
            "column": 2
          },
          "end": {
            "line": 24,
            "column": 3
          }
        },
        "type": "if",
        "locations": [
          {
            "start": {
              "line": 10,
              "column": 2
            },
            "end": {
              "line": 24,
              "column": 3
            }
          },
          {
            "start": {},
            "end": {}
          }
        ],
        "line": 10
      },
      "4": {
        "loc": {
          "start": {
            "line": 25,
            "column": 2
          },
          "end": {
            "line": 60,
            "column": 3
          }
        },
        "type": "if",
        "locations": [
          {
            "start": {
              "line": 25,
              "column": 2
            },
            "end": {
              "line": 60,
              "column": 3
            }
          },
          {
            "start": {},
            "end": {}
          }
        ],
        "line": 25
      },
      "5": {
        "loc": {
          "start": {
            "line": 31,
            "column": 84
          },
          "end": {
            "line": 35,
            "column": 18
          }
        },
        "type": "binary-expr",
        "locations": [
          {
            "start": {
              "line": 31,
              "column": 84
            },
            "end": {
              "line": 31,
              "column": 92
            }
          },
          {
            "start": {
              "line": 31,
              "column": 112
            },
            "end": {
              "line": 35,
              "column": 18
            }
          }
        ],
        "line": 31
      },
      "6": {
        "loc": {
          "start": {
            "line": 80,
            "column": 20
          },
          "end": {
            "line": 80,
            "column": 97
          }
        },
        "type": "binary-expr",
        "locations": [
          {
            "start": {
              "line": 80,
              "column": 20
            },
            "end": {
              "line": 80,
              "column": 60
            }
          },
          {
            "start": {
              "line": 80,
              "column": 64
            },
            "end": {
              "line": 80,
              "column": 97
            }
          }
        ],
        "line": 80
      },
      "7": {
        "loc": {
          "start": {
            "line": 81,
            "column": 0
          },
          "end": {
            "line": 95,
            "column": 1
          }
        },
        "type": "if",
        "locations": [
          {
            "start": {
              "line": 81,
              "column": 0
            },
            "end": {
              "line": 95,
              "column": 1
            }
          },
          {
            "start": {},
            "end": {}
          }
        ],
        "line": 81
      },
      "8": {
        "loc": {
          "start": {
            "line": 81,
            "column": 4
          },
          "end": {
            "line": 81,
            "column": 35
          }
        },
        "type": "binary-expr",
        "locations": [
          {
            "start": {
              "line": 81,
              "column": 4
            },
            "end": {
              "line": 81,
              "column": 19
            }
          },
          {
            "start": {
              "line": 81,
              "column": 23
            },
            "end": {
              "line": 81,
              "column": 35
            }
          }
        ],
        "line": 81
      },
      "9": {
        "loc": {
          "start": {
            "line": 82,
            "column": 2
          },
          "end": {
            "line": 86,
            "column": 3
          }
        },
        "type": "if",
        "locations": [
          {
            "start": {
              "line": 82,
              "column": 2
            },
            "end": {
              "line": 86,
              "column": 3
            }
          },
          {
            "start": {},
            "end": {}
          }
        ],
        "line": 82
      },
      "10": {
        "loc": {
          "start": {
            "line": 90,
            "column": 6
          },
          "end": {
            "line": 90,
            "column": 31
          }
        },
        "type": "if",
        "locations": [
          {
            "start": {
              "line": 90,
              "column": 6
            },
            "end": {
              "line": 90,
              "column": 31
            }
          },
          {
            "start": {},
            "end": {}
          }
        ],
        "line": 90
      },
      "11": {
        "loc": {
          "start": {
            "line": 92,
            "column": 6
          },
          "end": {
            "line": 92,
            "column": 75
          }
        },
        "type": "if",
        "locations": [
          {
            "start": {
              "line": 92,
              "column": 6
            },
            "end": {
              "line": 92,
              "column": 75
            }
          },
          {
            "start": {},
            "end": {}
          }
        ],
        "line": 92
      }
    },
    "s": {
      "0": 72,
      "1": 80,
      "2": 16,
      "3": 64,
      "4": 32,
      "5": 32,
      "6": 72,
      "7": 72,
      "8": 72,
      "9": 72,
      "10": 72,
      "11": 0,
      "12": 72,
      "13": 72,
      "14": 72,
      "15": 0,
      "16": 0,
      "17": 0,
      "18": 0,
      "19": 0,
      "20": 72,
      "21": 0
    },
    "f": {
      "0": 80,
      "1": 72,
      "2": 0,
      "3": 72,
      "4": 0
    },
    "b": {
      "0": [
        48
      ],
      "1": [
        32
      ],
      "2": [
        64
      ],
      "3": [
        16,
        64
      ],
      "4": [
        32,
        32
      ],
      "5": [
        32,
        32
      ],
      "6": [
        72,
        0
      ],
      "7": [
        72,
        0
      ],
      "8": [
        72,
        72
      ],
      "9": [
        0,
        72
      ],
      "10": [
        0,
        0
      ],
      "11": [
        0,
        0
      ]
    },
    "inputSourceMap": {
      "version": 3,
      "mappings": "AAaU;AAbV,OAAO;AAEP,MAAMA,YAAYA,CAAC;AAAA,EACjBC;AAAAA,EACAC;AAAAA,EACAC,gBAAgB;AAAA,EAChBC,WAAW;AAAA,EACXC,YAAY;AACd,MAAM;AACJ,MAAIA,WAAW;AACb,WACE,uBAAC,SAAI,WAAU,kCACb,iCAAC,SAAI,WAAU,mBACb,iCAAC,SAAI,KAAKH,OAAO,KAAKE,UAAU,WAAU,qBAA1C;AAAA;AAAA;AAAA;AAAA,WAA2D,KAD7D;AAAA;AAAA;AAAA;AAAA,WAEA,KAHF;AAAA;AAAA;AAAA;AAAA,WAIA;AAAA,EAEJ;AAEA,MAAIF,OAAO;AACT,WACE;AAAA,MAAC;AAAA;AAAA,QACC,WAAW,4CAA4CC,aAAa;AAAA,QAEpE,iCAAC,SAAI,WAAU,mBACb;AAAA,iCAAC,SAAI,WAAU,qBACZF,sBAAY,uBAAC,OAAGA,YAAJ;AAAA;AAAA;AAAA;AAAA,iBAAa,KAD5B;AAAA;AAAA;AAAA;AAAA,iBAEA;AAAA,UACA,uBAAC,SAAI,KAAKC,OAAO,KAAKE,UAAU,WAAU,qBAA1C;AAAA;AAAA;AAAA;AAAA,iBAA2D;AAAA,aAJ7D;AAAA;AAAA;AAAA;AAAA,eAKA;AAAA;AAAA,MARF;AAAA;AAAA;AAAA;AAAA;AAAA;AAAA;AAAA;AAAA,IASA;AAAA,EAEJ;AAEA,SACE,uBAAC,SAAI,WAAU,aACb,iCAAC,SAAI,WAAU,mBACb,iCAAC,OAAGH,YAAJ;AAAA;AAAA;AAAA;AAAA,SAAa,KADf;AAAA;AAAA;AAAA;AAAA,SAEA,KAHF;AAAA;AAAA;AAAA;AAAA,SAIA;AAEJ;AAAEK,KAvCIN;AAyCN,eAAeA;AAAU,IAAAM;AAAAC,aAAAD,IAAA",
      "names": [
        "Paragraph",
        "children",
        "image",
        "imagePosition",
        "imageAlt",
        "imageOnly",
        "_c",
        "$RefreshReg$"
      ],
      "ignoreList": [],
      "sources": [
        "C:/Users/Admin/OneDrive/Робочий стіл/spacepedia/spacepedia/src/components/Paragraph.jsx"
      ],
      "file": "C:/Users/Admin/OneDrive/Робочий стіл/spacepedia/spacepedia/src/components/Paragraph.jsx"
    },
    "_coverageSchema": "1a1c01bbd47fc00a2c39e90264f33305004495a9",
    "hash": "189fc3c6f6e45c5da0a4c4d3a03011f71cb2f6cc"
  },
  "C:/Users/Admin/OneDrive/Робочий стіл/spacepedia/spacepedia/src/layouts/ArticleContent.jsx": {
    "path": "C:/Users/Admin/OneDrive/Робочий стіл/spacepedia/spacepedia/src/layouts/ArticleContent.jsx",
    "statementMap": {
      "0": {
        "start": {
          "line": 5,
          "column": 23
        },
        "end": {
          "line": 134,
          "column": 1
        }
      },
      "1": {
        "start": {
          "line": 6,
          "column": 2
        },
        "end": {
          "line": 133,
          "column": 11
        }
      },
      "2": {
        "start": {
          "line": 135,
          "column": 0
        },
        "end": {
          "line": 135,
          "column": 20
        }
      },
      "3": {
        "start": {
          "line": 138,
          "column": 0
        },
        "end": {
          "line": 138,
          "column": 35
        }
      },
      "4": {
        "start": {
          "line": 140,
          "column": 20
        },
        "end": {
          "line": 140,
          "column": 97
        }
      },
      "5": {
        "start": {
          "line": 141,
          "column": 0
        },
        "end": {
          "line": 155,
          "column": 1
        }
      },
      "6": {
        "start": {
          "line": 142,
          "column": 2
        },
        "end": {
          "line": 146,
          "column": 3
        }
      },
      "7": {
        "start": {
          "line": 143,
          "column": 4
        },
        "end": {
          "line": 145,
          "column": 6
        }
      },
      "8": {
        "start": {
          "line": 147,
          "column": 2
        },
        "end": {
          "line": 154,
          "column": 5
        }
      },
      "9": {
        "start": {
          "line": 148,
          "column": 4
        },
        "end": {
          "line": 148,
          "column": 159
        }
      },
      "10": {
        "start": {
          "line": 149,
          "column": 4
        },
        "end": {
          "line": 153,
          "column": 7
        }
      },
      "11": {
        "start": {
          "line": 150,
          "column": 6
        },
        "end": {
          "line": 150,
          "column": 31
        }
      },
      "12": {
        "start": {
          "line": 150,
          "column": 24
        },
        "end": {
          "line": 150,
          "column": 31
        }
      },
      "13": {
        "start": {
          "line": 151,
          "column": 32
        },
        "end": {
          "line": 151,
          "column": 208
        }
      },
      "14": {
        "start": {
          "line": 152,
          "column": 6
        },
        "end": {
          "line": 152,
          "column": 75
        }
      },
      "15": {
        "start": {
          "line": 152,
          "column": 29
        },
        "end": {
          "line": 152,
          "column": 75
        }
      },
      "16": {
        "start": {
          "line": 157,
          "column": 2
        },
        "end": {
          "line": 157,
          "column": 138
        }
      },
      "17": {
[...]
          {
            "start": {},
            "end": {}
          }
        ],
        "line": 172
      },
      "5": {
        "loc": {
          "start": {
            "line": 172,
            "column": 4
          },
          "end": {
            "line": 172,
            "column": 35
          }
        },
        "type": "binary-expr",
        "locations": [
          {
            "start": {
              "line": 172,
              "column": 4
            },
            "end": {
              "line": 172,
              "column": 19
            }
          },
          {
            "start": {
              "line": 172,
              "column": 23
            },
            "end": {
              "line": 172,
              "column": 35
            }
          }
        ],
        "line": 172
      },
      "6": {
        "loc": {
          "start": {
            "line": 173,
            "column": 2
          },
          "end": {
            "line": 177,
            "column": 3
          }
        },
        "type": "if",
        "locations": [
          {
            "start": {
              "line": 173,
              "column": 2
            },
            "end": {
              "line": 177,
              "column": 3
            }
          },
          {
            "start": {},
            "end": {}
          }
        ],
        "line": 173
      },
      "7": {
        "loc": {
          "start": {
            "line": 181,
            "column": 6
          },
          "end": {
            "line": 181,
            "column": 31
          }
        },
        "type": "if",
        "locations": [
          {
            "start": {
              "line": 181,
              "column": 6
            },
            "end": {
              "line": 181,
              "column": 31
            }
          },
          {
            "start": {},
            "end": {}
          }
        ],
        "line": 181
      },
      "8": {
        "loc": {
          "start": {
            "line": 183,
            "column": 6
          },
          "end": {
            "line": 183,
            "column": 75
          }
        },
        "type": "if",
        "locations": [
          {
            "start": {
              "line": 183,
              "column": 6
            },
            "end": {
              "line": 183,
              "column": 75
            }
          },
          {
            "start": {},
            "end": {}
          }
        ],
        "line": 183
      }
    },
    "s": {
      "0": 72,
      "1": 72,
      "2": 790,
      "3": 790,
      "4": 790,
      "5": 790,
      "6": 378,
      "7": 756,
      "8": 790,
      "9": 9,
      "10": 9,
      "11": 3,
      "12": 3,
      "13": 6,
      "14": 6,
      "15": 0,
      "16": 0,
      "17": 6,
      "18": 790,
      "19": 72,
      "20": 11,
      "21": 72,
      "22": 72,
      "23": 72,
      "24": 72,
      "25": 72,
      "26": 0,
      "27": 72,
      "28": 72,
      "29": 72,
      "30": 0,
      "31": 0,
      "32": 0,
      "33": 0,
      "34": 0,
      "35": 72,
      "36": 72
    },
    "f": {
      "0": 790,
      "1": 378,
      "2": 756,
      "3": 9,
      "4": 0,
      "5": 11,
      "6": 72,
      "7": 0,
      "8": 72,
      "9": 72
    },
    "b": {
      "0": [
        3,
        6
      ],
      "1": [
        790,
        12
      ],
      "2": [
        790,
        0
      ],
      "3": [
        72,
        0
      ],
      "4": [
        72,
        0
      ],
      "5": [
        72,
        72
      ],
      "6": [
        0,
        72
      ],
      "7": [
        0,
        0
      ],
      "8": [
        0,
        0
      ]
    },
    "inputSourceMap": {
      "version": 3,
      "mappings": "AAgDI,mBAIQ,cAJR;;AAhDJ,SAASA,gBAAgB;AACzB,OAAOC,YAAY;AACnB,OAAOC,WAAW;AAClB,SAASC,eAAe;AACxB,OAAO;AAEP,MAAMC,SAASA,MAAM;AAAAC,KAAA;AACnB,QAAM,EAAEC,UAAUC,WAAWC,OAAOC,QAAQ,IAAIN,QAAQ;AACxD,QAAM,CAACO,UAAUC,WAAW,IAAIX,SAAS;AAAA,IACvCY,OAAO;AAAA,IACPC,OAAO;AAAA,IACPC,UAAU;AAAA,IACVC,iBAAiB;AAAA,EACnB,CAAC;AAED,QAAMC,eAAeA,CAACC,MAAM;AAC1BN,gBAAY,CAAAO,UAAS;AAAA,MACnB,GAAGA;AAAAA,MACH,CAACD,EAAEE,OAAOC,IAAI,GAAGH,EAAEE,OAAOE;AAAAA,IAC5B,EAAE;AAAA,EACJ;AAEA,QAAMC,eAAe,OAAOL,MAAM;AAChCA,MAAEM,eAAe;AAEjB,QAAIb,SAASI,aAAaJ,SAASK,iBAAiB;AAClDS,YAAM,uBAAuB;AAC7B;AAAA,IACF;AAEA,QAAI;AACF,YAAMlB,SAAS;AAAA,QACbM,OAAOF,SAASE;AAAAA,QAChBC,OAAOH,SAASG;AAAAA,QAChBC,UAAUJ,SAASI;AAAAA,MACrB,CAAC;AAEDW,iBAAW,MAAM;AACfC,eAAOC,SAASC,OAAO;AAAA,MACzB,GAAG,IAAI;AAAA,IAET,SAASC,KAAK;AACZC,cAAQtB,MAAM,uBAAuBqB,GAAG;AAAA,IAC1C;AAAA,EACF;AAGA,SACE,mCACE,iCAAC,UAAK,WAAU,aACd,iCAAC,SAAI,WAAU,kBACb,iCAAC,SAAI,WAAU,aACb;AAAA,2BAAC,QAAG,WAAU,cAAa,0BAA3B;AAAA;AAAA;AAAA;AAAA,WAAqC;AAAA,IACrC,uBAAC,UAAK,WAAU,aAAY,UAAUP,cACpC;AAAA;AAAA,QAAC;AAAA;AAAA,UACC,MAAK;AAAA,UACL,aAAY;AAAA,UACZ,MAAK;AAAA,UACL,OAAOZ,SAASE;AAAAA,UAChB,UAAUI;AAAAA,UACV,UAAQ;AAAA;AAAA,QANV;AAAA;AAAA;AAAA;AAAA;AAAA;AAAA;AAAA;AAAA,MAMU;AAAA,MAEV;AAAA,QAAC;AAAA;AAAA,UACC,MAAK;AAAA,UACL,aAAY;AAAA,UACZ,MAAK;AAAA,UACL,OAAON,SAASG;AAAAA,UAChB,UAAUG;AAAAA,UACV,UAAQ;AAAA;AAAA,QANV;AAAA;AAAA;AAAA;AAAA;AAAA;AAAA;AAAA;AAAA,MAMU;AAAA,MAEV;AAAA,QAAC;AAAA;AAAA,UACC,MAAK;AAAA,UACL,aAAY;AAAA,UACZ,MAAK;AAAA,UACL,OAAON,SAASI;AAAAA,UAChB,UAAUE;AAAAA,UACV,UAAQ;AAAA;AAAA,QANV;AAAA;AAAA;AAAA;AAAA;AAAA;AAAA;AAAA;AAAA,MAMU;AAAA,MAEV;AAAA,QAAC;AAAA;AAAA,UACC,MAAK;AAAA,UACL,aAAY;AAAA,UACZ,MAAK;AAAA,UACL,OAAON,SAASK;AAAAA,UAChB,UAAUC;AAAAA,UACV,UAAQ;AAAA;AAAA,QANV;AAAA;AAAA;AAAA;AAAA;AAAA;AAAA;AAAA;AAAA,MAMU;AAAA,MAETR,SAAS,uBAAC,SAAI,WAAU,cAAcA,mBAA7B;AAAA;AAAA;AAAA;AAAA,aAAmC;AAAA,MAC5CC,WAAW,uBAAC,SAAI,WAAU,gBAAgBA,qBAA/B;AAAA;AAAA;AAAA;AAAA,aAAuC;AAAA,MACnD,uBAAC,UAAO,MAAK,UAAS,WAAU,eAAc,UAAUF,WAAW,+BAAnE;AAAA;AAAA;AAAA;AAAA,aAEA;AAAA,SArCF;AAAA;AAAA;AAAA;AAAA,WAsCA;AAAA,OAxCF;AAAA;AAAA;AAAA;AAAA,SAyCA,KA1CF;AAAA;AAAA;AAAA;AAAA,SA2CA,KA5CF;AAAA;AAAA;AAAA;AAAA,SA6CA,KA9CF;AAAA;AAAA;AAAA;AAAA,SA+CA;AAEJ;AAAEF,GA3FID,QAAM;AAAA,UACsCD,OAAO;AAAA;AAAA4B,KADnD3B;AA6FN,eAAeA;AAAO,IAAA2B;AAAAC,aAAAD,IAAA",
      "names": [
        "useState",
        "Button",
        "Input",
        "useAuth",
        "SignUp",
        "_s",
        "register",
        "isLoading",
        "error",
        "success",
        "formData",
        "setFormData",
        "email",
        "login",
        "password",
        "confirmPassword",
        "handleChange",
        "e",
        "prev",
        "target",
        "name",
        "value",
        "handleSubmit",
        "preventDefault",
        "alert",
        "setTimeout",
        "window",
        "location",
        "href",
        "err",
        "console",
        "_c",
        "$RefreshReg$"
      ],
      "ignoreList": [],
      "sources": [
        "C:/Users/Admin/OneDrive/Робочий стіл/spacepedia/spacepedia/src/pages/SignUpPage.jsx"
      ],
      "file": "C:/Users/Admin/OneDrive/Робочий стіл/spacepedia/spacepedia/src/pages/SignUpPage.jsx"
    },
    "_coverageSchema": "1a1c01bbd47fc00a2c39e90264f33305004495a9",
    "hash": "989b4d54df01848906f6878ea9deb7ad1c09e6e4"
  },
  "C:/Users/Admin/OneDrive/Робочий стіл/spacepedia/spacepedia/src/App.jsx": {
    "path": "C:/Users/Admin/OneDrive/Робочий стіл/spacepedia/spacepedia/src/App.jsx",
    "statementMap": {
      "0": {
        "start": {
          "line": 12,
          "column": 2
        },
        "end": {
          "line": 94,
          "column": 11
        }
      },
      "1": {
        "start": {
          "line": 96,
          "column": 0
        },
        "end": {
          "line": 96,
          "column": 9
        }
      },
      "2": {
        "start": {
          "line": 99,
          "column": 0
        },
        "end": {
          "line": 99,
          "column": 24
        }
      },
      "3": {
        "start": {
          "line": 101,
          "column": 20
        },
        "end": {
          "line": 101,
          "column": 97
        }
      },
      "4": {
        "start": {
          "line": 102,
          "column": 0
        },
        "end": {
          "line": 116,
          "column": 1
        }
      },
      "5": {
        "start": {
          "line": 103,
          "column": 2
        },
        "end": {
          "line": 107,
          "column": 3
        }
      },
      "6": {
        "start": {
          "line": 104,
          "column": 4
        },
        "end": {
          "line": 106,
          "column": 6
        }
      },
      "7": {
        "start": {
          "line": 108,
          "column": 2
        },
        "end": {
          "line": 115,
          "column": 5
        }
      },
      "8": {
        "start": {
          "line": 109,
          "column": 4
        },
        "end": {
          "line": 109,
          "column": 140
        }
      },
      "9": {
        "start": {
          "line": 110,
          "column": 4
        },
        "end": {
          "line": 114,
          "column": 7
        }
      },
      "10": {
        "start": {
          "line": 111,
          "column": 6
        },
        "end": {
          "line": 111,
          "column": 31
        }
      },
      "11": {
        "start": {
          "line": 111,
          "column": 24
        },
        "end": {
          "line": 111,
          "column": 31
        }
      },
      "12": {
        "start": {
          "line": 112,
          "column": 32
        },
        "end": {
          "line": 112,
          "column": 189
        }
      },
      "13": {
        "start": {
          "line": 113,
          "column": 6
        },
        "end": {
          "line": 113,
          "column": 75
        }
      },
      "14": {
        "start": {
          "line": 113,
          "column": 29
        },
        "end": {
          "line": 113,
          "column": 75
        }
      },
      "15": {
        "start": {
          "line": 118,
          "column": 2
        },
        "end": {
          "line": 118,
          "column": 119
        }
      },
      "16": {
        "start": {
          "line": 121,
          "column": 2
        },
        "end": {
          "line": 121,
          "column": 62
        }
      }
    },
    "fnMap": {
      "0": {
        "name": "App",
        "decl": {
          "start": {
            "line": 11,
            "column": 9
          },
          "end": {
            "line": 11,
            "column": 12
          }
        },
        "loc": {
          "start": {
            "line": 11,
            "column": 15
          },
          "end": {
            "line": 95,
            "column": 1
          }
        },
        "line": 11
      },
      "1": {
        "name": "(anonymous_1)",
        "decl": {
          "start": {
            "line": 108,
            "column": 52
          },
          "end": {
            "line": 108,
            "column": 53
          }
        },
        "loc": {
          "start": {
            "line": 108,
            "column": 72
          },
          "end": {
            "line": 115,
            "column": 3
          }
        },
        "line": 108
      },
      "2": {
        "name": "(anonymous_2)",
        "decl": {
          "start": {
            "line": 110,
            "column": 27
          },
          "end": {
            "line": 110,
            "column": 28
          }
        },
        "loc": {
          "start": {
            "line": 110,
            "column": 44
          },
          "end": {
            "line": 114,
            "column": 5
          }
        },
        "line": 110
      },
      "3": {
        "name": "$RefreshReg$",
        "decl": {
          "start": {
            "line": 117,
            "column": 9
          },
          "end": {
            "line": 117,
            "column": 21
          }
        },
        "loc": {
          "start": {
            "line": 117,
            "column": 32
          },
          "end": {
            "line": 119,
            "column": 1
          }
        },
        "line": 117
      },
      "4": {
        "name": "$RefreshSig$",
        "decl": {
          "start": {
            "line": 120,
            "column": 9
          },
          "end": {
            "line": 120,
            "column": 21
          }
        },
        "loc": {
          "start": {
            "line": 120,
            "column": 24
          },
          "end": {
            "line": 122,
            "column": 1
          }
        },
        "line": 120
      }
    },
    "branchMap": {
      "0": {
        "loc": {
          "start": {
            "line": 101,
            "column": 20
          },
          "end": {
            "line": 101,
            "column": 97
          }
        },
        "type": "binary-expr",
        "locations": [
          {
            "start": {
              "line": 101,
              "column": 20
            },
            "end": {
              "line": 101,
              "column": 60
            }
          },
          {
            "start": {
              "line": 101,
              "column": 64
            },
            "end": {
              "line": 101,
              "column": 97
            }
          }
        ],
        "line": 101
      },
      "1": {
        "loc": {
          "start": {
            "line": 102,
            "column": 0
          },
          "end": {
            "line": 116,
            "column": 1
          }
        },
        "type": "if",
        "locations": [
          {
            "start": {
              "line": 102,
              "column": 0
            },
            "end": {
              "line": 116,
              "column": 1
            }
          },
          {
            "start": {},
            "end": {}
          }
        ],
        "line": 102
      },
      "2": {
        "loc": {
          "start": {
            "line": 102,
            "column": 4
          },
          "end": {
            "line": 102,
            "column": 35
          }
        },
        "type": "binary-expr",
        "locations": [
          {
            "start": {
              "line": 102,
              "column": 4
            },
            "end": {
              "line": 102,
              "column": 19
            }
          },
          {
            "start": {
              "line": 102,
              "column": 23
            },
            "end": {
              "line": 102,
              "column": 35
            }
          }
        ],
        "line": 102
      },
      "3": {
        "loc": {
          "start": {
            "line": 103,
            "column": 2
          },
          "end": {
            "line": 107,
            "column": 3
          }
        },
        "type": "if",
        "locations": [
          {
            "start": {
              "line": 103,
              "column": 2
            },
            "end": {
              "line": 107,
              "column": 3
            }
          },
          {
            "start": {},
            "end": {}
          }
        ],
        "line": 103
      },
      "4": {
        "loc": {
          "start": {
            "line": 111,
            "column": 6
          },
          "end": {
            "line": 111,
            "column": 31
          }
        },
        "type": "if",
        "locations": [
          {
            "start": {
              "line": 111,
              "column": 6
            },
            "end": {
              "line": 111,
              "column": 31
            }
          },
          {
            "start": {},
            "end": {}
          }
        ],
        "line": 111
      },
      "5": {
        "loc": {
          "start": {
            "line": 113,
            "column": 6
          },
          "end": {
            "line": 113,
            "column": 75
          }
        },
        "type": "if",
        "locations": [
          {
            "start": {
              "line": 113,
              "column": 6
            },
            "end": {
              "line": 113,
              "column": 75
            }
          },
          {
            "start": {},
            "end": {}
          }
        ],
        "line": 113
      }
    },
    "s": {
      "0": 144,
      "1": 72,
      "2": 72,
      "3": 72,
      "4": 72,
      "5": 72,
      "6": 0,
      "7": 72,
      "8": 72,
      "9": 72,
      "10": 0,
      "11": 0,
      "12": 0,
      "13": 0,
      "14": 0,
      "15": 72,
      "16": 0
    },
    "f": {
      "0": 144,
      "1": 72,
      "2": 0,
      "3": 72,
      "4": 0
    },
    "b": {
      "0": [
        72,
        0
      ],
      "1": [
        72,
        0
      ],
      "2": [
        72,
        72
      ],
      "3": [
        0,
        72
      ],
      "4": [
        0,
        0
      ],
      "5": [
        0,
        0
      ]
    },
    "inputSourceMap": {
      "version": 3,
      "mappings": "AAcQ;AAdR,SAASA,eAAeC,OAAOC,cAAc;AAC7C,OAAOC,iBAAiB;AACxB,SAASC,oBAAoB;AAC7B,OAAOC,iBAAiB;AACxB,OAAOC,kBAAkB;AACzB,OAAOC,eAAe;AACtB,OAAOC,gBAAgB;AACvB,OAAOC,cAAc;AACrB,OAAOC,gBAAgB;AAEvB,SAASC,MAAM;AACb,SACE,uBAAC,gBACC,iCAAC,iBACC;AAAA,2BAAC,iBAAD;AAAA;AAAA;AAAA;AAAA,WAAY;AAAA,IACZ,uBAAC,UACC,iCAAC,SAAM,SAAS,uBAAC,gBAAD;AAAA;AAAA;AAAA;AAAA,WAAW,GACzB;AAAA,6BAAC,SAAM,MAAK,KAAI,SAAS,uBAAC,cAAD;AAAA;AAAA;AAAA;AAAA,aAAS,KAAlC;AAAA;AAAA;AAAA;AAAA,aAAsC;AAAA,MACtC,uBAAC,SAAM,MAAK,aAAY,SAAS,uBAAC,kBAAD;AAAA;AAAA;AAAA;AAAA,aAAa,KAA9C;AAAA;AAAA;AAAA;AAAA,aAAkD;AAAA,MAClD,uBAAC,SAAM,MAAK,YAAW,SAAS,uBAAC,iBAAD;AAAA;AAAA;AAAA;AAAA,aAAY,KAA5C;AAAA;AAAA;AAAA;AAAA,aAAgD;AAAA,MAChD,uBAAC,SAAM,MAAK,UAAS,SAAS,uBAAC,eAAD;AAAA;AAAA;AAAA;AAAA,aAAU,KAAxC;AAAA;AAAA;AAAA;AAAA,aAA4C;AAAA,MAC5C,uBAAC,SAAM,MAAK,WAAU,SAAS,uBAAC,gBAAD;AAAA;AAAA;AAAA;AAAA,aAAW,KAA1C;AAAA;AAAA;AAAA;AAAA,aAA8C;AAAA,MAE9C,uBAAC,SAAM,MAAK,KAAI,SAAS,uBAAC,QAAG,OAAO,EAAEC,WAAW,UAAUC,WAAW,OAAO,GAAG,0CAAvD;AAAA;AAAA;AAAA;AAAA,aAAiF,KAA1G;AAAA;AAAA;AAAA;AAAA,aAAgH;AAAA,SAPlH;AAAA;AAAA;AAAA;AAAA,WAQA,KATF;AAAA;AAAA;AAAA;AAAA,WAWA;AAAA,OAbF;AAAA;AAAA;AAAA;AAAA,SAeA,KAhBF;AAAA;AAAA;AAAA;AAAA,SAiBA;AAEJ;AAACC,KArBQH;AAuBT,eAAeA;AAAI,IAAAG;AAAAC,aAAAD,IAAA",
      "names": [
        "BrowserRouter",
        "Route",
        "Routes",
        "ScrollToTop",
        "AuthProvider",
        "ArticlePage",
        "CategoryPage",
        "LoginPage",
        "MainLayout",
        "MainPage",
        "SignUpPage",
        "App",
        "textAlign",
        "marginTop",
        "_c",
        "$RefreshReg$"
      ],
      "ignoreList": [],
      "sources": [
        "C:/Users/Admin/OneDrive/Робочий стіл/spacepedia/spacepedia/src/App.jsx"
      ],
      "file": "C:/Users/Admin/OneDrive/Робочий стіл/spacepedia/spacepedia/src/App.jsx"
    },
    "_coverageSchema": "1a1c01bbd47fc00a2c39e90264f33305004495a9",
    "hash": "b02d0b9cd77892f9dfa653301d7bfdea98a4b7a7"
  },
  "C:/Users/Admin/OneDrive/Робочий стіл/spacepedia/spacepedia/src/main.jsx": {
    "path": "C:/Users/Admin/OneDrive/Робочий стіл/spacepedia/spacepedia/src/main.jsx",
    "statementMap": {
      "0": {
        "start": {
          "line": 6,
          "column": 0
        },
        "end": {
          "line": 16,
          "column": 2
        }
      }
    },
    "fnMap": {},
    "branchMap": {},
    "s": {
      "0": 72
    },
    "f": {},
    "b": {},
    "inputSourceMap": {
      "version": 3,
      "mappings": "AAOI;AAPJ,SAASA,kBAAkB;AAC3B,SAASC,kBAAkB;AAC3B,OAAOC,SAAS;AAChB,OAAO;AAEPD,WAAWE,SAASC,eAAe,MAAM,CAAC,EAAEC;AAAAA,EAC1C,uBAAC,cACC,iCAAC,SAAD;AAAA;AAAA;AAAA;AAAA,SAAI,KADN;AAAA;AAAA;AAAA;AAAA,SAEA;AACF",
      "names": [
        "StrictMode",
        "createRoot",
        "App",
        "document",
        "getElementById",
        "render"
      ],
      "ignoreList": [],
      "sources": [
        "C:/Users/Admin/OneDrive/Робочий стіл/spacepedia/spacepedia/src/main.jsx"
      ],
      "file": "C:/Users/Admin/OneDrive/Робочий стіл/spacepedia/spacepedia/src/main.jsx"
    },
    "_coverageSchema": "1a1c01bbd47fc00a2c39e90264f33305004495a9",
    "hash": "c29b371c86df5e216ed86b720f25b9cbed19f914"
  }
}