<?xml version="1.0" encoding="UTF-8"?>
<coverage generated="1765566620730" clover="3.2.0">
  <project timestamp="1765566620730" name="All files">
    <metrics statements="203" coveredstatements="195" conditionals="69" coveredconditionals="60" methods="54" coveredmethods="52" elements="326" coveredelements="307" complexity="0" loc="203" ncloc="203" packages="5" files="22" classes="22"/>
    <package name="src">
      <metrics statements="8" coveredstatements="8" conditionals="0" coveredconditionals="0" methods="1" coveredmethods="1"/>
      <file name="App.jsx" path="C:/Users/Admin/OneDrive/Робочий стіл/spacepedia/spacepedia/src/App.jsx">
        <metrics statements="3" coveredstatements="3" conditionals="0" coveredconditionals="0" methods="1" coveredmethods="1"/>
        <line num="12" count="144" type="stmt"/>
        <line num="32" count="72" type="stmt"/>
        <line num="34" count="72" type="stmt"/>
      </file>
      <file name="firebase.js" path="C:/Users/Admin/OneDrive/Робочий стіл/spacepedia/spacepedia/src/firebase.js">
        <metrics statements="4" coveredstatements="4" conditionals="0" coveredconditionals="0" methods="0" coveredmethods="0"/>
        <line num="5" count="72" type="stmt"/>
        <line num="16" count="72" type="stmt"/>
        <line num="17" count="72" type="stmt"/>
        <line num="18" count="72" type="stmt"/>
      </file>
      <file name="main.jsx" path="C:/Users/Admin/OneDrive/Робочий стіл/spacepedia/spacepedia/src/main.jsx">
        <metrics statements="1" coveredstatements="1" conditionals="0" coveredconditionals="0" methods="0" coveredmethods="0"/>
        <line num="6" count="72" type="stmt"/>
      </file>
    </package>
    <package name="src.components">
      <metrics statements="40" coveredstatements="39" conditionals="23" coveredconditionals="20" methods="12" coveredmethods="11"/>
      <file name="ArticleCard.jsx" path="C:/Users/Admin/OneDrive/Робочий стіл/spacepedia/spacepedia/src/components/ArticleCard.jsx">
        <metrics statements="9" coveredstatements="9" conditionals="9" coveredconditionals="8" methods="3" coveredmethods="3"/>
        <line num="5" count="72" type="stmt"/>
        <line num="11" count="112" type="stmt"/>
        <line num="12" count="112" type="cond" truecount="2" falsecount="0"/>
        <line num="13" count="112" type="stmt"/>
        <line num="14" count="112" type="stmt"/>
        <line num="15" count="4" type="stmt"/>
        <line num="18" count="112" type="stmt"/>
        <line num="38" count="72" type="stmt"/>
        <line num="40" count="72" type="stmt"/>
      </file>
      <file name="Button.jsx" path="C:/Users/Admin/OneDrive/Робочий стіл/spacepedia/spacepedia/src/components/Button.jsx">
        <metrics statements="4" coveredstatements="4" conditionals="4" coveredconditionals="3" methods="1" coveredmethods="1"/>
        <line num="3" count="72" type="cond" truecount="2" falsecount="0"/>
        <line num="4" count="2306" type="stmt"/>
        <line num="14" count="72" type="stmt"/>
        <line num="16" count="72" type="stmt"/>
      </file>
      <file name="CategoryCard.jsx" path="C:/Users/Admin/OneDrive/Робочий стіл/spacepedia/spacepedia/src/components/CategoryCard.jsx">
        <metrics statements="8" coveredstatements="7" conditionals="1" coveredconditionals="0" methods="3" coveredmethods="2"/>
        <line num="5" count="72" type="stmt"/>
        <line num="11" count="516" type="stmt"/>
        <line num="12" count="516" type="stmt"/>
        <line num="13" count="516" type="stmt"/>
        <line num="14" count="0" type="stmt"/>
        <line num="17" count="516" type="stmt"/>
        <line num="32" count="72" type="stmt"/>
        <line num="34" count="72" type="stmt"/>
      </file>
      <file name="Input.jsx" path="C:/Users/Admin/OneDrive/Робочий стіл/spacepedia/spacepedia/src/components/Input.jsx">
        <metrics statements="4" coveredstatements="4" conditionals="2" coveredconditionals="2" methods="1" coveredmethods="1"/>
        <line num="3" count="72" type="stmt"/>
        <line num="11" count="4732" type="stmt"/>
        <line num="22" count="72" type="stmt"/>
        <line num="24" count="72" type="stmt"/>
      </file>
      <file name="Paragraph.jsx" path="C:/Users/Admin/OneDrive/Робочий стіл/spacepedia/spacepedia/src/components/Paragraph.jsx">
        <metrics statements="8" coveredstatements="8" conditionals="7" coveredconditionals="7" methods="1" coveredmethods="1"/>
        <line num="3" count="72" type="stmt"/>
        <line num="10" count="80" type="cond" truecount="1" falsecount="0"/>
        <line num="11" count="16" type="stmt"/>
        <line num="20" count="64" type="cond" truecount="1" falsecount="0"/>
        <line num="21" count="32" type="stmt"/>
        <line num="35" count="32" type="stmt"/>
        <line num="42" count="72" type="stmt"/>
        <line num="44" count="72" type="stmt"/>
      </file>
      <file name="ScrollToTop.jsx" path="C:/Users/Admin/OneDrive/Робочий стіл/spacepedia/spacepedia/src/components/ScrollToTop.jsx">
        <metrics statements="7" coveredstatements="7" conditionals="0" coveredconditionals="0" methods="3" coveredmethods="3"/>
        <line num="4" count="228" type="stmt"/>
        <line num="5" count="228" type="stmt"/>
        <line num="7" count="228" type="stmt"/>
        <line num="8" count="196" type="stmt"/>
        <line num="11" count="228" type="stmt"/>
        <line num="12" count="72" type="stmt"/>
        <line num="14" count="72" type="stmt"/>
      </file>
    </package>
    <package name="src.context">
      <metrics statements="56" coveredstatements="52" conditionals="13" coveredconditionals="8" methods="8" coveredmethods="8"/>
      <file name="AuthContext.jsx" path="C:/Users/Admin/OneDrive/Робочий стіл/spacepedia/spacepedia/src/context/AuthContext.jsx">
        <metrics statements="56" coveredstatements="52" conditionals="13" coveredconditionals="8" methods="8" coveredmethods="8"/>
        <line num="17" count="72" type="stmt"/>
        <line num="19" count="1914" type="stmt"/>
        <line num="20" count="1914" type="stmt"/>
        <line num="21" count="1914" type="cond" truecount="0" falsecount="1"/>
        <line num="22" count="1914" type="stmt"/>
        <line num="23" count="72" type="stmt"/>
        <line num="25" count="368" type="stmt"/>
        <line num="26" count="368" type="stmt"/>
        <line num="27" count="368" type="stmt"/>
        <line num="28" count="368" type="stmt"/>
        <line num="29" count="368" type="stmt"/>
        <line num="31" count="368" type="stmt"/>
        <line num="32" count="144" type="stmt"/>
        <line num="33" count="82" type="cond" truecount="2" falsecount="0"/>
        <line num="34" count="15" type="stmt"/>
        <line num="35" count="15" type="stmt"/>
        <line num="36" count="15" type="cond" truecount="1" falsecount="1"/>
        <line num="38" count="15" type="stmt"/>
        <line num="44" count="67" type="stmt"/>
        <line num="46" count="82" type="stmt"/>
        <line num="49" count="144" type="stmt"/>
        <line num="52" count="368" type="stmt"/>
        <line num="53" count="18" type="stmt"/>
        <line num="54" count="18" type="stmt"/>
        <line num="57" count="368" type="stmt"/>
        <line num="58" count="12" type="stmt"/>
        <line num="59" count="12" type="stmt"/>
        <line num="60" count="12" type="stmt"/>
        <line num="62" count="12" type="stmt"/>
        <line num="63" count="9" type="stmt"/>
        <line num="64" count="9" type="stmt"/>
        <line num="65" count="9" type="cond" truecount="1" falsecount="1"/>
        <line num="67" count="9" type="stmt"/>
        <line num="73" count="9" type="stmt"/>
        <line num="74" count="9" type="stmt"/>
        <line num="77" count="3" type="stmt"/>
        <line num="78" count="3" type="stmt"/>
        <line num="80" count="12" type="stmt"/>
        <line num="84" count="368" type="stmt"/>
        <line num="85" count="6" type="stmt"/>
        <line num="86" count="6" type="stmt"/>
        <line num="87" count="6" type="stmt"/>
        <line num="89" count="6" type="stmt"/>
        <line num="91" count="0" type="stmt"/>
        <line num="96" count="0" type="stmt"/>
        <line num="102" count="0" type="stmt"/>
        <line num="103" count="0" type="stmt"/>
        <line num="106" count="6" type="stmt"/>
        <line num="107" count="6" type="stmt"/>
        <line num="109" count="6" type="stmt"/>
        <line num="113" count="368" type="stmt"/>
        <line num="114" count="6" type="stmt"/>
        <line num="115" count="6" type="stmt"/>
        <line num="116" count="6" type="stmt"/>
        <line num="119" count="368" type="stmt"/>
        <line num="134" count="72" type="stmt"/>
      </file>
    </package>
    <package name="src.layouts">
      <metrics statements="48" coveredstatements="47" conditionals="20" coveredconditionals="20" methods="17" coveredmethods="17"/>
      <file name="ArticleContent.jsx" path="C:/Users/Admin/OneDrive/Робочий стіл/spacepedia/spacepedia/src/layouts/ArticleContent.jsx">
        <metrics statements="4" coveredstatements="4" conditionals="0" coveredconditionals="0" methods="1" coveredmethods="1"/>
        <line num="5" count="72" type="stmt"/>
        <line num="6" count="16" type="stmt"/>
        <line num="80" count="72" type="stmt"/>
        <line num="82" count="72" type="stmt"/>
      </file>
      <file name="Articles.jsx" path="C:/Users/Admin/OneDrive/Робочий стіл/spacepedia/spacepedia/src/layouts/Articles.jsx">
        <metrics statements="6" coveredstatements="6" conditionals="2" coveredconditionals="2" methods="2" coveredmethods="2"/>
        <line num="6" count="72" type="stmt"/>
        <line num="7" count="28" type="stmt"/>
        <line num="46" count="28" type="stmt"/>
        <line num="63" count="112" type="stmt"/>
        <line num="80" count="72" type="stmt"/>
        <line num="82" count="72" type="stmt"/>
      </file>
      <file name="Categories.jsx" path="C:/Users/Admin/OneDrive/Робочий стіл/spacepedia/spacepedia/src/layouts/Categories.jsx">
        <metrics statements="6" coveredstatements="6" conditionals="0" coveredconditionals="0" methods="2" coveredmethods="2"/>
        <line num="4" count="72" type="stmt"/>
        <line num="5" count="80" type="stmt"/>
        <line num="62" count="80" type="stmt"/>
        <line num="68" count="480" type="stmt"/>
        <line num="83" count="72" type="stmt"/>
        <line num="85" count="72" type="stmt"/>
      </file>
      <file name="Footer.jsx" path="C:/Users/Admin/OneDrive/Робочий стіл/spacepedia/spacepedia/src/layouts/Footer.jsx">
        <metrics statements="4" coveredstatements="4" conditionals="0" coveredconditionals="0" methods="1" coveredmethods="1"/>
        <line num="3" count="72" type="stmt"/>
        <line num="4" count="142" type="stmt"/>
        <line num="26" count="72" type="stmt"/>
        <line num="28" count="72" type="stmt"/>
      </file>
      <file name="Header.jsx" path="C:/Users/Admin/OneDrive/Робочий стіл/spacepedia/spacepedia/src/layouts/Header.jsx">
        <metrics statements="24" coveredstatements="23" conditionals="15" coveredconditionals="15" methods="10" coveredmethods="10"/>
        <line num="6" count="352" type="stmt"/>
        <line num="7" count="352" type="stmt"/>
        <line num="8" count="352" type="stmt"/>
        <line num="9" count="352" type="stmt"/>
        <line num="11" count="352" type="stmt"/>
        <line num="13" count="352" type="stmt"/>
        <line num="14" count="170" type="stmt"/>
        <line num="15" count="155" type="cond" truecount="3" falsecount="0"/>
        <line num="16" count="107" type="stmt"/>
        <line num="20" count="170" type="stmt"/>
        <line num="21" count="170" type="stmt"/>
        <line num="24" count="352" type="stmt"/>
        <line num="26" count="352" type="stmt"/>
        <line num="27" count="6" type="stmt"/>
        <line num="28" count="6" type="stmt"/>
        <line num="29" count="6" type="stmt"/>
        <line num="30" count="6" type="stmt"/>
        <line num="32" count="0" type="stmt"/>
        <line num="36" count="352" type="stmt"/>
        <line num="45" count="306" type="cond" truecount="2" falsecount="0"/>
        <line num="48" count="306" type="cond" truecount="2" falsecount="0"/>
        <line num="51" count="306" type="cond" truecount="2" falsecount="0"/>
        <line num="99" count="72" type="stmt"/>
        <line num="101" count="72" type="stmt"/>
      </file>
      <file name="Hero.jsx" path="C:/Users/Admin/OneDrive/Робочий стіл/spacepedia/spacepedia/src/layouts/Hero.jsx">
        <metrics statements="4" coveredstatements="4" conditionals="3" coveredconditionals="3" methods="1" coveredmethods="1"/>
        <line num="3" count="72" type="cond" truecount="1" falsecount="0"/>
        <line num="4" count="108" type="stmt"/>
        <line num="35" count="72" type="stmt"/>
        <line num="37" count="72" type="stmt"/>
      </file>
    </package>
    <package name="src.pages">
      <metrics statements="51" coveredstatements="49" conditionals="13" coveredconditionals="12" methods="16" coveredmethods="15"/>
      <file name="ArticlePage.jsx" path="C:/Users/Admin/OneDrive/Робочий стіл/spacepedia/spacepedia/src/pages/ArticlePage.jsx">
        <metrics statements="4" coveredstatements="4" conditionals="0" coveredconditionals="0" methods="1" coveredmethods="1"/>
        <line num="3" count="72" type="stmt"/>
        <line num="4" count="16" type="stmt"/>
        <line num="11" count="72" type="stmt"/>
        <line num="13" count="72" type="stmt"/>
      </file>
      <file name="CategoryPage.jsx" path="C:/Users/Admin/OneDrive/Робочий стіл/spacepedia/spacepedia/src/pages/CategoryPage.jsx">
        <metrics statements="5" coveredstatements="5" conditionals="0" coveredconditionals="0" methods="1" coveredmethods="1"/>
        <line num="4" count="72" type="stmt"/>
        <line num="5" count="28" type="stmt"/>
        <line num="11" count="28" type="stmt"/>
        <line num="22" count="72" type="stmt"/>
        <line num="24" count="72" type="stmt"/>
      </file>
      <file name="LoginPage.jsx" path="C:/Users/Admin/OneDrive/Робочий стіл/spacepedia/spacepedia/src/pages/LoginPage.jsx">
        <metrics statements="15" coveredstatements="15" conditionals="4" coveredconditionals="4" methods="5" coveredmethods="5"/>
        <line num="7" count="772" type="stmt"/>
        <line num="8" count="772" type="stmt"/>
        <line num="10" count="772" type="stmt"/>
        <line num="15" count="772" type="stmt"/>
        <line num="16" count="354" type="stmt"/>
        <line num="22" count="772" type="stmt"/>
        <line num="23" count="12" type="stmt"/>
        <line num="25" count="12" type="stmt"/>
        <line num="26" count="12" type="stmt"/>
        <line num="27" count="9" type="stmt"/>
        <line num="28" count="6" type="stmt"/>
        <line num="31" count="3" type="stmt"/>
        <line num="36" count="772" type="stmt"/>
        <line num="70" count="72" type="stmt"/>
        <line num="72" count="72" type="stmt"/>
      </file>
      <file name="MainLayout.jsx" path="C:/Users/Admin/OneDrive/Робочий стіл/spacepedia/spacepedia/src/pages/MainLayout.jsx">
        <metrics statements="6" coveredstatements="6" conditionals="4" coveredconditionals="4" methods="2" coveredmethods="2"/>
        <line num="5" count="228" type="stmt"/>
        <line num="6" count="228" type="stmt"/>
        <line num="7" count="228" type="cond" truecount="2" falsecount="0"/>
        <line num="9" count="228" type="stmt"/>
        <line num="20" count="72" type="stmt"/>
        <line num="22" count="72" type="stmt"/>
      </file>
      <file name="MainPage.jsx" path="C:/Users/Admin/OneDrive/Робочий стіл/spacepedia/spacepedia/src/pages/MainPage.jsx">
        <metrics statements="3" coveredstatements="3" conditionals="0" coveredconditionals="0" methods="1" coveredmethods="1"/>
        <line num="5" count="80" type="stmt"/>
        <line num="17" count="72" type="stmt"/>
        <line num="19" count="72" type="stmt"/>
      </file>
      <file name="SignUpPage.jsx" path="C:/Users/Admin/OneDrive/Робочий стіл/spacepedia/spacepedia/src/pages/SignUpPage.jsx">
        <metrics statements="18" coveredstatements="16" conditionals="5" coveredconditionals="4" methods="6" coveredmethods="5"/>
        <line num="7" count="790" type="stmt"/>
        <line num="8" count="790" type="stmt"/>
        <line num="9" count="790" type="stmt"/>
        <line num="16" count="790" type="stmt"/>
        <line num="17" count="756" type="stmt"/>
        <line num="23" count="790" type="stmt"/>
        <line num="24" count="9" type="stmt"/>
        <line num="26" count="9" type="cond" truecount="1" falsecount="0"/>
        <line num="27" count="3" type="stmt"/>
        <line num="28" count="3" type="stmt"/>
        <line num="31" count="6" type="stmt"/>
        <line num="32" count="6" type="stmt"/>
        <line num="38" count="0" type="stmt"/>
        <line num="39" count="0" type="stmt"/>
        <line num="43" count="6" type="stmt"/>
        <line num="48" count="790" type="stmt"/>
        <line num="98" count="72" type="stmt"/>
        <line num="100" count="72" type="stmt"/>
      </file>
    </package>
  </project>
</coverage>
