{"C:/Users/Admin/OneDrive/Робочий стіл/spacepedia/spacepedia/src/App.jsx": {"path":"C:/Users/Admin/OneDrive/Робочий стіл/spacepedia/spacepedia/src/App.jsx","statementMap":{"0":{"start":{"line":12,"column":2},"end":{"line":30,"column":null}},"1":{"start":{"line":32,"column":1},"end":{"line":11,"column":15}},"2":{"start":{"line":34,"column":19},"end":{"line":34,"column":null}}},"fnMap":{"0":{"name":"App","decl":{"start":{"line":11,"column":9},"end":{"line":11,"column":15}},"loc":{"start":{"line":11,"column":15},"end":{"line":32,"column":1}}}},"branchMap":{},"s":{"0":144,"1":72,"2":72},"f":{"0":144},"b":{}}
,"C:/Users/Admin/OneDrive/Робочий стіл/spacepedia/spacepedia/src/firebase.js": {"path":"C:/Users/Admin/OneDrive/Робочий стіл/spacepedia/spacepedia/src/firebase.js","statementMap":{"0":{"start":{"line":5,"column":23},"end":{"line":14,"column":1}},"1":{"start":{"line":16,"column":12},"end":{"line":16,"column":41}},"2":{"start":{"line":17,"column":20},"end":{"line":17,"column":32}},"3":{"start":{"line":18,"column":18},"end":{"line":18,"column":34}}},"fnMap":{},"branchMap":{},"s":{"0":72,"1":72,"2":72,"3":72},"f":{},"b":{}}
,"C:/Users/Admin/OneDrive/Робочий стіл/spacepedia/spacepedia/src/main.jsx": {"path":"C:/Users/Admin/OneDrive/Робочий стіл/spacepedia/spacepedia/src/main.jsx","statementMap":{"0":{"start":{"line":6,"column":0},"end":{"line":10,"column":null}}},"fnMap":{},"branchMap":{},"s":{"0":72},"f":{},"b":{}}
,"C:/Users/Admin/OneDrive/Робочий стіл/spacepedia/spacepedia/src/components/ArticleCard.jsx": {"path":"C:/Users/Admin/OneDrive/Робочий стіл/spacepedia/spacepedia/src/components/ArticleCard.jsx","statementMap":{"0":{"start":{"line":5,"column":20},"end":{"line":38,"column":2}},"1":{"start":{"line":11,"column":6},"end":{"line":11,"column":null}},"2":{"start":{"line":12,"column":19},"end":{"line":12,"column":null}},"3":{"start":{"line":13,"column":19},"end":{"line":13,"column":null}},"4":{"start":{"line":14,"column":29},"end":{"line":16,"column":null}},"5":{"start":{"line":15,"column":4},"end":{"line":15,"column":null}},"6":{"start":{"line":18,"column":2},"end":{"line":36,"column":null}},"7":{"start":{"line":38,"column":2},"end":{"line":13,"column":31}},"8":{"start":{"line":5,"column":17},"end":{"line":13,"column":31}},"9":{"start":{"line":13,"column":30},"end":{"line":5,"column":17}},"10":{"start":{"line":40,"column":27},"end":{"line":40,"column":null}}},"fnMap":{"0":{"name":"(anonymous_0)","decl":{"start":{"line":5,"column":20},"end":{"line":5,"column":21}},"loc":{"start":{"line":11,"column":6},"end":{"line":38,"column":2}}},"1":{"name":"(anonymous_1)","decl":{"start":{"line":14,"column":29},"end":{"line":14,"column":35}},"loc":{"start":{"line":14,"column":35},"end":{"line":16,"column":null}}},"2":{"name":"(anonymous_2)","decl":{"start":{"line":5,"column":17},"end":{"line":5,"column":20}},"loc":{"start":{"line":5,"column":17},"end":{"line":13,"column":31}}}},"branchMap":{"0":{"loc":{"start":{"line":9,"column":2},"end":{"line":9,"column":null}},"type":"default-arg","locations":[{"start":{"line":9,"column":18},"end":{"line":9,"column":null}}]},"1":{"loc":{"start":{"line":12,"column":19},"end":{"line":12,"column":null}},"type":"binary-expr","locations":[{"start":{"line":12,"column":19},"end":{"line":12,"column":28}},{"start":{"line":12,"column":28},"end":{"line":12,"column":null}}]},"2":{"loc":{"start":{"line":21,"column":41},"end":{"line":21,"column":82}},"type":"cond-expr","locations":[{"start":{"line":21,"column":52},"end":{"line":21,"column":80}},{"start":{"line":21,"column":80},"end":{"line":21,"column":82}}]},"3":{"loc":{"start":{"line":21,"column":86},"end":{"line":21,"column":139}},"type":"cond-expr","locations":[{"start":{"line":21,"column":114},"end":{"line":21,"column":137}},{"start":{"line":21,"column":137},"end":{"line":21,"column":139}}]},"4":{"loc":{"start":{"line":34,"column":9},"end":{"line":34,"column":null}},"type":"binary-expr","locations":[{"start":{"line":34,"column":9},"end":{"line":34,"column":21}},{"start":{"line":34,"column":21},"end":{"line":34,"column":null}}]}},"s":{"0":72,"1":112,"2":112,"3":112,"4":112,"5":4,"6":112,"7":72,"8":14,"9":72,"10":72},"f":{"0":112,"1":4,"2":14},"b":{"0":[0],"1":[112,56],"2":[56,56],"3":[28,84],"4":[112,56]}}
,"C:/Users/Admin/OneDrive/Робочий стіл/spacepedia/spacepedia/src/components/Button.jsx": {"path":"C:/Users/Admin/OneDrive/Робочий стіл/spacepedia/spacepedia/src/components/Button.jsx","statementMap":{"0":{"start":{"line":3,"column":15},"end":{"line":14,"column":2}},"1":{"start":{"line":4,"column":2},"end":{"line":12,"column":null}},"2":{"start":{"line":14,"column":2},"end":{"line":3,"column":15}},"3":{"start":{"line":16,"column":22},"end":{"line":16,"column":null}}},"fnMap":{"0":{"name":"(anonymous_0)","decl":{"start":{"line":3,"column":15},"end":{"line":3,"column":16}},"loc":{"start":{"line":3,"column":77},"end":{"line":14,"column":2}}}},"branchMap":{"0":{"loc":{"start":{"line":3,"column":37},"end":{"line":3,"column":55}},"type":"default-arg","locations":[{"start":{"line":3,"column":48},"end":{"line":3,"column":55}}]},"1":{"loc":{"start":{"line":3,"column":55},"end":{"line":3,"column":71}},"type":"default-arg","locations":[{"start":{"line":3,"column":62},"end":{"line":3,"column":71}}]},"2":{"loc":{"start":{"line":7,"column":24},"end":{"line":7,"column":54}},"type":"cond-expr","locations":[{"start":{"line":7,"column":35},"end":{"line":7,"column":52}},{"start":{"line":7,"column":52},"end":{"line":7,"column":54}}]}},"s":{"0":72,"1":2306,"2":72,"3":72},"f":{"0":2306},"b":{"0":[744],"1":[744],"2":[0,2306]}}
,"C:/Users/Admin/OneDrive/Робочий стіл/spacepedia/spacepedia/src/components/CategoryCard.jsx": {"path":"C:/Users/Admin/OneDrive/Робочий стіл/spacepedia/spacepedia/src/components/CategoryCard.jsx","statementMap":{"0":{"start":{"line":5,"column":21},"end":{"line":32,"column":2}},"1":{"start":{"line":11,"column":6},"end":{"line":11,"column":null}},"2":{"start":{"line":12,"column":19},"end":{"line":12,"column":null}},"3":{"start":{"line":13,"column":30},"end":{"line":15,"column":null}},"4":{"start":{"line":14,"column":4},"end":{"line":14,"column":null}},"5":{"start":{"line":17,"column":2},"end":{"line":30,"column":null}},"6":{"start":{"line":32,"column":2},"end":{"line":12,"column":31}},"7":{"start":{"line":5,"column":18},"end":{"line":12,"column":31}},"8":{"start":{"line":12,"column":30},"end":{"line":5,"column":18}},"9":{"start":{"line":34,"column":28},"end":{"line":34,"column":null}}},"fnMap":{"0":{"name":"(anonymous_0)","decl":{"start":{"line":5,"column":21},"end":{"line":5,"column":22}},"loc":{"start":{"line":11,"column":6},"end":{"line":32,"column":2}}},"1":{"name":"(anonymous_1)","decl":{"start":{"line":13,"column":30},"end":{"line":13,"column":36}},"loc":{"start":{"line":13,"column":36},"end":{"line":15,"column":null}}},"2":{"name":"(anonymous_2)","decl":{"start":{"line":5,"column":18},"end":{"line":5,"column":21}},"loc":{"start":{"line":5,"column":18},"end":{"line":12,"column":31}}}},"branchMap":{"0":{"loc":{"start":{"line":10,"column":2},"end":{"line":10,"column":null}},"type":"default-arg","locations":[{"start":{"line":10,"column":18},"end":{"line":10,"column":null}}]}},"s":{"0":72,"1":516,"2":516,"3":516,"4":0,"5":516,"6":72,"7":37,"8":72,"9":72},"f":{"0":516,"1":0,"2":37},"b":{"0":[0]}}
,"C:/Users/Admin/OneDrive/Робочий стіл/spacepedia/spacepedia/src/components/Input.jsx": {"path":"C:/Users/Admin/OneDrive/Робочий стіл/spacepedia/spacepedia/src/components/Input.jsx","statementMap":{"0":{"start":{"line":3,"column":14},"end":{"line":22,"column":2}},"1":{"start":{"line":11,"column":2},"end":{"line":19,"column":null}},"2":{"start":{"line":22,"column":2},"end":{"line":3,"column":14}},"3":{"start":{"line":24,"column":21},"end":{"line":24,"column":null}}},"fnMap":{"0":{"name":"(anonymous_0)","decl":{"start":{"line":3,"column":14},"end":{"line":3,"column":15}},"loc":{"start":{"line":10,"column":6},"end":{"line":22,"column":2}}}},"branchMap":{"0":{"loc":{"start":{"line":5,"column":2},"end":{"line":5,"column":null}},"type":"default-arg","locations":[{"start":{"line":5,"column":9},"end":{"line":5,"column":null}}]},"1":{"loc":{"start":{"line":9,"column":2},"end":{"line":9,"column":null}},"type":"default-arg","locations":[{"start":{"line":9,"column":13},"end":{"line":9,"column":null}}]}},"s":{"0":72,"1":4732,"2":72,"3":72},"f":{"0":4732},"b":{"0":[28],"1":[28]}}
,"C:/Users/Admin/OneDrive/Робочий стіл/spacepedia/spacepedia/src/components/Paragraph.jsx": {"path":"C:/Users/Admin/OneDrive/Робочий стіл/spacepedia/spacepedia/src/components/Paragraph.jsx","statementMap":{"0":{"start":{"line":3,"column":18},"end":{"line":42,"column":2}},"1":{"start":{"line":10,"column":2},"end":{"line":18,"column":null}},"2":{"start":{"line":11,"column":4},"end":{"line":16,"column":null}},"3":{"start":{"line":20,"column":2},"end":{"line":33,"column":null}},"4":{"start":{"line":21,"column":4},"end":{"line":31,"column":null}},"5":{"start":{"line":35,"column":2},"end":{"line":40,"column":null}},"6":{"start":{"line":42,"column":2},"end":{"line":3,"column":18}},"7":{"start":{"line":44,"column":25},"end":{"line":44,"column":null}}},"fnMap":{"0":{"name":"(anonymous_0)","decl":{"start":{"line":3,"column":18},"end":{"line":3,"column":19}},"loc":{"start":{"line":9,"column":6},"end":{"line":42,"column":2}}}},"branchMap":{"0":{"loc":{"start":{"line":6,"column":2},"end":{"line":6,"column":null}},"type":"default-arg","locations":[{"start":{"line":6,"column":18},"end":{"line":6,"column":null}}]},"1":{"loc":{"start":{"line":7,"column":2},"end":{"line":7,"column":null}},"type":"default-arg","locations":[{"start":{"line":7,"column":13},"end":{"line":7,"column":null}}]},"2":{"loc":{"start":{"line":8,"column":2},"end":{"line":8,"column":null}},"type":"default-arg","locations":[{"start":{"line":8,"column":14},"end":{"line":8,"column":null}}]},"3":{"loc":{"start":{"line":10,"column":2},"end":{"line":18,"column":null}},"type":"if","locations":[{"start":{"line":10,"column":2},"end":{"line":18,"column":null}}]},"4":{"loc":{"start":{"line":20,"column":2},"end":{"line":33,"column":null}},"type":"if","locations":[{"start":{"line":20,"column":2},"end":{"line":33,"column":null}}]},"5":{"loc":{"start":{"line":27,"column":13},"end":{"line":27,"column":null}},"type":"binary-expr","locations":[{"start":{"line":27,"column":13},"end":{"line":27,"column":25}},{"start":{"line":27,"column":25},"end":{"line":27,"column":null}}]}},"s":{"0":72,"1":80,"2":16,"3":64,"4":32,"5":32,"6":72,"7":72},"f":{"0":80},"b":{"0":[48],"1":[32],"2":[64],"3":[16],"4":[32],"5":[32,32]}}
,"C:/Users/Admin/OneDrive/Робочий стіл/spacepedia/spacepedia/src/components/ScrollToTop.jsx": {"path":"C:/Users/Admin/OneDrive/Робочий стіл/spacepedia/spacepedia/src/components/ScrollToTop.jsx","statementMap":{"0":{"start":{"line":4,"column":23},"end":{"line":4,"column":null}},"1":{"start":{"line":5,"column":23},"end":{"line":5,"column":null}},"2":{"start":{"line":7,"column":2},"end":{"line":9,"column":null}},"3":{"start":{"line":8,"column":4},"end":{"line":8,"column":null}},"4":{"start":{"line":11,"column":2},"end":{"line":11,"column":null}},"5":{"start":{"line":12,"column":1},"end":{"line":5,"column":35}},"6":{"start":{"line":4,"column":20},"end":{"line":5,"column":35}},"7":{"start":{"line":5,"column":34},"end":{"line":4,"column":20}},"8":{"start":{"line":14,"column":27},"end":{"line":14,"column":null}}},"fnMap":{"0":{"name":"ScrollToTop","decl":{"start":{"line":4,"column":9},"end":{"line":4,"column":20}},"loc":{"start":{"line":4,"column":23},"end":{"line":12,"column":1}}},"1":{"name":"(anonymous_1)","decl":{"start":{"line":7,"column":12},"end":{"line":7,"column":18}},"loc":{"start":{"line":7,"column":18},"end":{"line":9,"column":5}}},"2":{"name":"(anonymous_2)","decl":{"start":{"line":4,"column":20},"end":{"line":4,"column":23}},"loc":{"start":{"line":4,"column":20},"end":{"line":5,"column":35}}}},"branchMap":{},"s":{"0":228,"1":228,"2":228,"3":196,"4":228,"5":72,"6":67,"7":72,"8":72},"f":{"0":228,"1":196,"2":67},"b":{}}
,"C:/Users/Admin/OneDrive/Робочий стіл/spacepedia/spacepedia/src/context/AuthContext.jsx": {"path":"C:/Users/Admin/OneDrive/Робочий стіл/spacepedia/spacepedia/src/context/AuthContext.jsx","statementMap":{"0":{"start":{"line":17,"column":20},"end":{"line":17,"column":null}},"1":{"start":{"line":19,"column":23},"end":{"line":23,"column":2}},"2":{"start":{"line":19,"column":29},"end":{"line":19,"column":null}},"3":{"start":{"line":20,"column":18},"end":{"line":20,"column":null}},"4":{"start":{"line":21,"column":2},"end":{"line":21,"column":null}},"5":{"start":{"line":21,"column":16},"end":{"line":21,"column":null}},"6":{"start":{"line":22,"column":2},"end":{"line":22,"column":null}},"7":{"start":{"line":23,"column":2},"end":{"line":19,"column":23}},"8":{"start":{"line":25,"column":28},"end":{"line":134,"column":2}},"9":{"start":{"line":25,"column":46},"end":{"line":25,"column":null}},"10":{"start":{"line":26,"column":40},"end":{"line":26,"column":null}},"11":{"start":{"line":27,"column":36},"end":{"line":27,"column":null}},"12":{"start":{"line":28,"column":28},"end":{"line":28,"column":null}},"13":{"start":{"line":29,"column":32},"end":{"line":29,"column":null}},"14":{"start":{"line":31,"column":2},"end":{"line":50,"column":null}},"15":{"start":{"line":32,"column":24},"end":{"line":47,"column":null}},"16":{"start":{"line":33,"column":6},"end":{"line":45,"column":null}},"17":{"start":{"line":34,"column":24},"end":{"line":34,"column":null}},"18":{"start":{"line":35,"column":25},"end":{"line":35,"column":null}},"19":{"start":{"line":36,"column":21},"end":{"line":36,"column":null}},"20":{"start":{"line":38,"column":8},"end":{"line":42,"column":null}},"21":{"start":{"line":44,"column":8},"end":{"line":44,"column":null}},"22":{"start":{"line":46,"column":6},"end":{"line":46,"column":null}},"23":{"start":{"line":49,"column":4},"end":{"line":49,"column":null}},"24":{"start":{"line":52,"column":24},"end":{"line":55,"column":null}},"25":{"start":{"line":53,"column":4},"end":{"line":53,"column":null}},"26":{"start":{"line":54,"column":4},"end":{"line":54,"column":null}},"27":{"start":{"line":57,"column":16},"end":{"line":82,"column":null}},"28":{"start":{"line":58,"column":4},"end":{"line":81,"column":null}},"29":{"start":{"line":59,"column":6},"end":{"line":59,"column":null}},"30":{"start":{"line":60,"column":6},"end":{"line":60,"column":null}},"31":{"start":{"line":62,"column":23},"end":{"line":62,"column":null}},"32":{"start":{"line":63,"column":22},"end":{"line":63,"column":null}},"33":{"start":{"line":64,"column":23},"end":{"line":64,"column":null}},"34":{"start":{"line":65,"column":19},"end":{"line":65,"column":null}},"35":{"start":{"line":67,"column":6},"end":{"line":71,"column":null}},"36":{"start":{"line":73,"column":6},"end":{"line":73,"column":null}},"37":{"start":{"line":74,"column":6},"end":{"line":74,"column":null}},"38":{"start":{"line":77,"column":6},"end":{"line":77,"column":null}},"39":{"start":{"line":78,"column":6},"end":{"line":78,"column":null}},"40":{"start":{"line":80,"column":6},"end":{"line":80,"column":null}},"41":{"start":{"line":84,"column":19},"end":{"line":111,"column":null}},"42":{"start":{"line":85,"column":4},"end":{"line":110,"column":null}},"43":{"start":{"line":86,"column":6},"end":{"line":86,"column":null}},"44":{"start":{"line":87,"column":6},"end":{"line":87,"column":null}},"45":{"start":{"line":89,"column":23},"end":{"line":89,"column":null}},"46":{"start":{"line":91,"column":6},"end":{"line":94,"column":null}},"47":{"start":{"line":96,"column":6},"end":{"line":100,"column":null}},"48":{"start":{"line":102,"column":6},"end":{"line":102,"column":null}},"49":{"start":{"line":103,"column":6},"end":{"line":103,"column":null}},"50":{"start":{"line":106,"column":6},"end":{"line":106,"column":null}},"51":{"start":{"line":107,"column":6},"end":{"line":107,"column":null}},"52":{"start":{"line":109,"column":6},"end":{"line":109,"column":null}},"53":{"start":{"line":113,"column":17},"end":{"line":117,"column":null}},"54":{"start":{"line":114,"column":4},"end":{"line":114,"column":null}},"55":{"start":{"line":115,"column":4},"end":{"line":115,"column":null}},"56":{"start":{"line":116,"column":4},"end":{"line":116,"column":null}},"57":{"start":{"line":119,"column":2},"end":{"line":132,"column":null}},"58":{"start":{"line":134,"column":2},"end":{"line":25,"column":28}},"59":{"start":{"line":25,"column":25},"end":{"line":null,"column":-1}},"60":{"start":{"line":25,"column":25},"end":{"line":25,"column":28}}},"fnMap":{"0":{"name":"(anonymous_0)","decl":{"start":{"line":19,"column":23},"end":{"line":19,"column":29}},"loc":{"start":{"line":19,"column":29},"end":{"line":23,"column":2}}},"1":{"name":"(anonymous_1)","decl":{"start":{"line":25,"column":28},"end":{"line":25,"column":29}},"loc":{"start":{"line":25,"column":46},"end":{"line":134,"column":2}}},"2":{"name":"(anonymous_2)","decl":{"start":{"line":31,"column":12},"end":{"line":31,"column":18}},"loc":{"start":{"line":31,"column":18},"end":{"line":50,"column":5}}},"3":{"name":"(anonymous_3)","decl":{"start":{"line":32,"column":49},"end":{"line":32,"column":56}},"loc":{"start":{"line":32,"column":73},"end":{"line":47,"column":5}}},"4":{"name":"(anonymous_4)","decl":{"start":{"line":52,"column":24},"end":{"line":52,"column":30}},"loc":{"start":{"line":52,"column":30},"end":{"line":55,"column":null}}},"5":{"name":"(anonymous_5)","decl":{"start":{"line":57,"column":16},"end":{"line":57,"column":23}},"loc":{"start":{"line":57,"column":47},"end":{"line":82,"column":null}}},"6":{"name":"(anonymous_6)","decl":{"start":{"line":84,"column":19},"end":{"line":84,"column":26}},"loc":{"start":{"line":84,"column":57},"end":{"line":111,"column":null}}},"7":{"name":"(anonymous_7)","decl":{"start":{"line":113,"column":17},"end":{"line":113,"column":29}},"loc":{"start":{"line":113,"column":29},"end":{"line":117,"column":null}}}},"branchMap":{"0":{"loc":{"start":{"line":21,"column":2},"end":{"line":21,"column":null}},"type":"if","locations":[{"start":{"line":21,"column":2},"end":{"line":21,"column":null}}]},"1":{"loc":{"start":{"line":33,"column":6},"end":{"line":45,"column":null}},"type":"if","locations":[{"start":{"line":33,"column":6},"end":{"line":45,"column":null}},{"start":{"line":43,"column":13},"end":{"line":45,"column":null}}]},"2":{"loc":{"start":{"line":36,"column":21},"end":{"line":36,"column":null}},"type":"cond-expr","locations":[{"start":{"line":36,"column":41},"end":{"line":36,"column":58}},{"start":{"line":36,"column":58},"end":{"line":36,"column":null}}]},"3":{"loc":{"start":{"line":41,"column":17},"end":{"line":41,"column":null}},"type":"binary-expr","locations":[{"start":{"line":41,"column":17},"end":{"line":41,"column":31}},{"start":{"line":41,"column":31},"end":{"line":41,"column":null}}]},"4":{"loc":{"start":{"line":65,"column":19},"end":{"line":65,"column":null}},"type":"cond-expr","locations":[{"start":{"line":65,"column":39},"end":{"line":65,"column":56}},{"start":{"line":65,"column":56},"end":{"line":65,"column":null}}]},"5":{"loc":{"start":{"line":70,"column":15},"end":{"line":70,"column":null}},"type":"binary-expr","locations":[{"start":{"line":70,"column":15},"end":{"line":70,"column":29}},{"start":{"line":70,"column":29},"end":{"line":70,"column":null}}]},"6":{"loc":{"start":{"line":131,"column":7},"end":{"line":131,"column":null}},"type":"binary-expr","locations":[{"start":{"line":131,"column":7},"end":{"line":131,"column":21}},{"start":{"line":131,"column":21},"end":{"line":131,"column":null}}]}},"s":{"0":72,"1":72,"2":1914,"3":1914,"4":1914,"5":0,"6":1914,"7":72,"8":72,"9":368,"10":368,"11":368,"12":368,"13":368,"14":368,"15":144,"16":82,"17":15,"18":15,"19":15,"20":15,"21":67,"22":82,"23":144,"24":368,"25":18,"26":18,"27":368,"28":12,"29":12,"30":12,"31":12,"32":9,"33":9,"34":9,"35":9,"36":9,"37":9,"38":3,"39":3,"40":12,"41":368,"42":6,"43":6,"44":6,"45":6,"46":0,"47":0,"48":0,"49":0,"50":6,"51":6,"52":6,"53":368,"54":6,"55":6,"56":6,"57":368,"58":72,"59":72,"60":72},"f":{"0":1914,"1":368,"2":144,"3":82,"4":18,"5":12,"6":6,"7":6},"b":{"0":[0],"1":[15,67],"2":[15,0],"3":[15,0],"4":[9,0],"5":[9,0],"6":[368,188]}}
,"C:/Users/Admin/OneDrive/Робочий стіл/spacepedia/spacepedia/src/layouts/ArticleContent.jsx": {"path":"C:/Users/Admin/OneDrive/Робочий стіл/spacepedia/spacepedia/src/layouts/ArticleContent.jsx","statementMap":{"0":{"start":{"line":5,"column":23},"end":{"line":80,"column":2}},"1":{"start":{"line":6,"column":2},"end":{"line":78,"column":null}},"2":{"start":{"line":80,"column":2},"end":{"line":5,"column":23}},"3":{"start":{"line":82,"column":30},"end":{"line":82,"column":null}}},"fnMap":{"0":{"name":"(anonymous_0)","decl":{"start":{"line":5,"column":23},"end":{"line":5,"column":29}},"loc":{"start":{"line":5,"column":29},"end":{"line":80,"column":2}}}},"branchMap":{},"s":{"0":72,"1":16,"2":72,"3":72},"f":{"0":16},"b":{}}
,"C:/Users/Admin/OneDrive/Робочий стіл/spacepedia/spacepedia/src/layouts/Articles.jsx": {"path":"C:/Users/Admin/OneDrive/Робочий стіл/spacepedia/spacepedia/src/layouts/Articles.jsx","statementMap":{"0":{"start":{"line":6,"column":17},"end":{"line":80,"column":2}},"1":{"start":{"line":7,"column":19},"end":{"line":43,"column":null}},"2":{"start":{"line":46,"column":2},"end":{"line":78,"column":null}},"3":{"start":{"line":63,"column":12},"end":{"line":74,"column":null}},"4":{"start":{"line":80,"column":2},"end":{"line":6,"column":17}},"5":{"start":{"line":82,"column":24},"end":{"line":82,"column":null}}},"fnMap":{"0":{"name":"(anonymous_0)","decl":{"start":{"line":6,"column":17},"end":{"line":6,"column":23}},"loc":{"start":{"line":6,"column":23},"end":{"line":80,"column":2}}},"1":{"name":"(anonymous_1)","decl":{"start":{"line":62,"column":24},"end":{"line":62,"column":25}},"loc":{"start":{"line":63,"column":12},"end":{"line":74,"column":null}}}},"branchMap":{"0":{"loc":{"start":{"line":71,"column":15},"end":{"line":72,"column":null}},"type":"binary-expr","locations":[{"start":{"line":71,"column":15},"end":{"line":71,"column":null}},{"start":{"line":72,"column":16},"end":{"line":72,"column":null}}]}},"s":{"0":72,"1":28,"2":28,"3":112,"4":72,"5":72},"f":{"0":28,"1":112},"b":{"0":[112,84]}}
,"C:/Users/Admin/OneDrive/Робочий стіл/spacepedia/spacepedia/src/layouts/Categories.jsx": {"path":"C:/Users/Admin/OneDrive/Робочий стіл/spacepedia/spacepedia/src/layouts/Categories.jsx","statementMap":{"0":{"start":{"line":4,"column":19},"end":{"line":83,"column":2}},"1":{"start":{"line":5,"column":21},"end":{"line":59,"column":null}},"2":{"start":{"line":62,"column":2},"end":{"line":81,"column":null}},"3":{"start":{"line":68,"column":12},"end":{"line":77,"column":null}},"4":{"start":{"line":83,"column":2},"end":{"line":4,"column":19}},"5":{"start":{"line":85,"column":26},"end":{"line":85,"column":null}}},"fnMap":{"0":{"name":"(anonymous_0)","decl":{"start":{"line":4,"column":19},"end":{"line":4,"column":25}},"loc":{"start":{"line":4,"column":25},"end":{"line":83,"column":2}}},"1":{"name":"(anonymous_1)","decl":{"start":{"line":67,"column":26},"end":{"line":67,"column":27}},"loc":{"start":{"line":68,"column":12},"end":{"line":77,"column":null}}}},"branchMap":{},"s":{"0":72,"1":80,"2":80,"3":480,"4":72,"5":72},"f":{"0":80,"1":480},"b":{}}
,"C:/Users/Admin/OneDrive/Робочий стіл/spacepedia/spacepedia/src/layouts/Footer.jsx": {"path":"C:/Users/Admin/OneDrive/Робочий стіл/spacepedia/spacepedia/src/layouts/Footer.jsx","statementMap":{"0":{"start":{"line":3,"column":15},"end":{"line":26,"column":2}},"1":{"start":{"line":4,"column":2},"end":{"line":24,"column":null}},"2":{"start":{"line":26,"column":2},"end":{"line":3,"column":15}},"3":{"start":{"line":28,"column":22},"end":{"line":28,"column":null}}},"fnMap":{"0":{"name":"(anonymous_0)","decl":{"start":{"line":3,"column":15},"end":{"line":3,"column":21}},"loc":{"start":{"line":3,"column":21},"end":{"line":26,"column":2}}}},"branchMap":{},"s":{"0":72,"1":142,"2":72,"3":72},"f":{"0":142},"b":{}}
,"C:/Users/Admin/OneDrive/Робочий стіл/spacepedia/spacepedia/src/layouts/Header.jsx": {"path":"C:/Users/Admin/OneDrive/Робочий стіл/spacepedia/spacepedia/src/layouts/Header.jsx","statementMap":{"0":{"start":{"line":6,"column":15},"end":{"line":99,"column":2}},"1":{"start":{"line":6,"column":21},"end":{"line":6,"column":null}},"2":{"start":{"line":7,"column":46},"end":{"line":7,"column":null}},"3":{"start":{"line":8,"column":22},"end":{"line":8,"column":null}},"4":{"start":{"line":9,"column":19},"end":{"line":9,"column":null}},"5":{"start":{"line":11,"column":51},"end":{"line":11,"column":null}},"6":{"start":{"line":13,"column":2},"end":{"line":22,"column":null}},"7":{"start":{"line":14,"column":31},"end":{"line":18,"column":null}},"8":{"start":{"line":15,"column":6},"end":{"line":17,"column":null}},"9":{"start":{"line":16,"column":8},"end":{"line":16,"column":null}},"10":{"start":{"line":20,"column":4},"end":{"line":20,"column":null}},"11":{"start":{"line":21,"column":4},"end":{"line":21,"column":null}},"12":{"start":{"line":21,"column":17},"end":{"line":21,"column":null}},"13":{"start":{"line":24,"column":25},"end":{"line":24,"column":null}},"14":{"start":{"line":24,"column":31},"end":{"line":24,"column":null}},"15":{"start":{"line":26,"column":23},"end":{"line":34,"column":null}},"16":{"start":{"line":27,"column":4},"end":{"line":33,"column":null}},"17":{"start":{"line":28,"column":6},"end":{"line":28,"column":null}},"18":{"start":{"line":29,"column":6},"end":{"line":29,"column":null}},"19":{"start":{"line":30,"column":6},"end":{"line":30,"column":null}},"20":{"start":{"line":32,"column":6},"end":{"line":32,"column":null}},"21":{"start":{"line":36,"column":2},"end":{"line":97,"column":null}},"22":{"start":{"line":45,"column":55},"end":{"line":45,"column":98}},"23":{"start":{"line":48,"column":63},"end":{"line":48,"column":106}},"24":{"start":{"line":51,"column":63},"end":{"line":51,"column":106}},"25":{"start":{"line":99,"column":2},"end":{"line":11,"column":59}},"26":{"start":{"line":6,"column":12},"end":{"line":11,"column":59}},"27":{"start":{"line":11,"column":58},"end":{"line":6,"column":12}},"28":{"start":{"line":101,"column":22},"end":{"line":101,"column":null}}},"fnMap":{"0":{"name":"(anonymous_0)","decl":{"start":{"line":6,"column":15},"end":{"line":6,"column":21}},"loc":{"start":{"line":6,"column":21},"end":{"line":99,"column":2}}},"1":{"name":"(anonymous_1)","decl":{"start":{"line":13,"column":12},"end":{"line":13,"column":18}},"loc":{"start":{"line":13,"column":18},"end":{"line":22,"column":5}}},"2":{"name":"(anonymous_2)","decl":{"start":{"line":14,"column":31},"end":{"line":14,"column":32}},"loc":{"start":{"line":14,"column":42},"end":{"line":18,"column":null}}},"3":{"name":"(anonymous_3)","decl":{"start":{"line":21,"column":11},"end":{"line":21,"column":17}},"loc":{"start":{"line":21,"column":17},"end":{"line":21,"column":null}}},"4":{"name":"(anonymous_4)","decl":{"start":{"line":24,"column":25},"end":{"line":24,"column":31}},"loc":{"start":{"line":24,"column":31},"end":{"line":24,"column":null}}},"5":{"name":"(anonymous_5)","decl":{"start":{"line":26,"column":23},"end":{"line":26,"column":35}},"loc":{"start":{"line":26,"column":35},"end":{"line":34,"column":null}}},"6":{"name":"(anonymous_6)","decl":{"start":{"line":45,"column":37},"end":{"line":45,"column":38}},"loc":{"start":{"line":45,"column":55},"end":{"line":45,"column":98}}},"7":{"name":"(anonymous_7)","decl":{"start":{"line":48,"column":45},"end":{"line":48,"column":46}},"loc":{"start":{"line":48,"column":63},"end":{"line":48,"column":106}}},"8":{"name":"(anonymous_8)","decl":{"start":{"line":51,"column":45},"end":{"line":51,"column":46}},"loc":{"start":{"line":51,"column":63},"end":{"line":51,"column":106}}},"9":{"name":"(anonymous_9)","decl":{"start":{"line":6,"column":12},"end":{"line":6,"column":15}},"loc":{"start":{"line":6,"column":12},"end":{"line":11,"column":59}}}},"branchMap":{"0":{"loc":{"start":{"line":15,"column":6},"end":{"line":17,"column":null}},"type":"if","locations":[{"start":{"line":15,"column":6},"end":{"line":17,"column":null}}]},"1":{"loc":{"start":{"line":15,"column":10},"end":{"line":15,"column":78}},"type":"binary-expr","locations":[{"start":{"line":15,"column":10},"end":{"line":15,"column":33}},{"start":{"line":15,"column":33},"end":{"line":15,"column":78}}]},"2":{"loc":{"start":{"line":45,"column":55},"end":{"line":45,"column":98}},"type":"cond-expr","locations":[{"start":{"line":45,"column":66},"end":{"line":45,"column":86}},{"start":{"line":45,"column":86},"end":{"line":45,"column":98}}]},"3":{"loc":{"start":{"line":48,"column":63},"end":{"line":48,"column":106}},"type":"cond-expr","locations":[{"start":{"line":48,"column":74},"end":{"line":48,"column":94}},{"start":{"line":48,"column":94},"end":{"line":48,"column":106}}]},"4":{"loc":{"start":{"line":51,"column":63},"end":{"line":51,"column":106}},"type":"cond-expr","locations":[{"start":{"line":51,"column":74},"end":{"line":51,"column":94}},{"start":{"line":51,"column":94},"end":{"line":51,"column":106}}]},"5":{"loc":{"start":{"line":57,"column":11},"end":{"line":93,"column":null}},"type":"cond-expr","locations":[{"start":{"line":58,"column":12},"end":{"line":77,"column":null}},{"start":{"line":79,"column":12},"end":{"line":93,"column":null}}]},"6":{"loc":{"start":{"line":63,"column":15},"end":{"line":75,"column":null}},"type":"binary-expr","locations":[{"start":{"line":63,"column":15},"end":{"line":63,"column":null}},{"start":{"line":64,"column":16},"end":{"line":75,"column":null}}]},"7":{"loc":{"start":{"line":87,"column":15},"end":{"line":91,"column":null}},"type":"binary-expr","locations":[{"start":{"line":87,"column":15},"end":{"line":87,"column":null}},{"start":{"line":88,"column":16},"end":{"line":91,"column":null}}]}},"s":{"0":72,"1":352,"2":352,"3":352,"4":352,"5":352,"6":352,"7":170,"8":155,"9":107,"10":170,"11":170,"12":103,"13":352,"14":27,"15":352,"16":6,"17":6,"18":6,"19":6,"20":0,"21":352,"22":306,"23":306,"24":306,"25":72,"26":67,"27":72,"28":72},"f":{"0":352,"1":170,"2":155,"3":103,"4":27,"5":6,"6":306,"7":306,"8":306,"9":67},"b":{"0":[107],"1":[155,155],"2":[128,178],"3":[28,278],"4":[24,282],"5":[78,274],"6":[78,12],"7":[274,42]}}
,"C:/Users/Admin/OneDrive/Робочий стіл/spacepedia/spacepedia/src/layouts/Hero.jsx": {"path":"C:/Users/Admin/OneDrive/Робочий стіл/spacepedia/spacepedia/src/layouts/Hero.jsx","statementMap":{"0":{"start":{"line":3,"column":13},"end":{"line":35,"column":2}},"1":{"start":{"line":4,"column":2},"end":{"line":33,"column":null}},"2":{"start":{"line":35,"column":2},"end":{"line":3,"column":13}},"3":{"start":{"line":37,"column":20},"end":{"line":37,"column":null}}},"fnMap":{"0":{"name":"(anonymous_0)","decl":{"start":{"line":3,"column":13},"end":{"line":3,"column":14}},"loc":{"start":{"line":3,"column":61},"end":{"line":35,"column":2}}}},"branchMap":{"0":{"loc":{"start":{"line":3,"column":36},"end":{"line":3,"column":55}},"type":"default-arg","locations":[{"start":{"line":3,"column":49},"end":{"line":3,"column":55}}]},"1":{"loc":{"start":{"line":15,"column":11},"end":{"line":29,"column":null}},"type":"binary-expr","locations":[{"start":{"line":15,"column":11},"end":{"line":15,"column":null}},{"start":{"line":16,"column":12},"end":{"line":29,"column":null}}]}},"s":{"0":72,"1":108,"2":72,"3":72},"f":{"0":108},"b":{"0":[28],"1":[108,80]}}
,"C:/Users/Admin/OneDrive/Робочий стіл/spacepedia/spacepedia/src/pages/ArticlePage.jsx": {"path":"C:/Users/Admin/OneDrive/Робочий стіл/spacepedia/spacepedia/src/pages/ArticlePage.jsx","statementMap":{"0":{"start":{"line":3,"column":20},"end":{"line":11,"column":2}},"1":{"start":{"line":4,"column":2},"end":{"line":9,"column":null}},"2":{"start":{"line":11,"column":2},"end":{"line":3,"column":20}},"3":{"start":{"line":13,"column":27},"end":{"line":13,"column":null}}},"fnMap":{"0":{"name":"(anonymous_0)","decl":{"start":{"line":3,"column":20},"end":{"line":3,"column":26}},"loc":{"start":{"line":3,"column":26},"end":{"line":11,"column":2}}}},"branchMap":{},"s":{"0":72,"1":16,"2":72,"3":72},"f":{"0":16},"b":{}}
,"C:/Users/Admin/OneDrive/Робочий стіл/spacepedia/spacepedia/src/pages/CategoryPage.jsx": {"path":"C:/Users/Admin/OneDrive/Робочий стіл/spacepedia/spacepedia/src/pages/CategoryPage.jsx","statementMap":{"0":{"start":{"line":4,"column":21},"end":{"line":22,"column":2}},"1":{"start":{"line":5,"column":23},"end":{"line":9,"column":null}},"2":{"start":{"line":11,"column":2},"end":{"line":20,"column":null}},"3":{"start":{"line":22,"column":2},"end":{"line":4,"column":21}},"4":{"start":{"line":24,"column":28},"end":{"line":24,"column":null}}},"fnMap":{"0":{"name":"(anonymous_0)","decl":{"start":{"line":4,"column":21},"end":{"line":4,"column":27}},"loc":{"start":{"line":4,"column":27},"end":{"line":22,"column":2}}}},"branchMap":{},"s":{"0":72,"1":28,"2":28,"3":72,"4":72},"f":{"0":28},"b":{}}
,"C:/Users/Admin/OneDrive/Робочий стіл/spacepedia/spacepedia/src/pages/LoginPage.jsx": {"path":"C:/Users/Admin/OneDrive/Робочий стіл/spacepedia/spacepedia/src/pages/LoginPage.jsx","statementMap":{"0":{"start":{"line":7,"column":18},"end":{"line":70,"column":2}},"1":{"start":{"line":7,"column":24},"end":{"line":7,"column":null}},"2":{"start":{"line":8,"column":47},"end":{"line":8,"column":null}},"3":{"start":{"line":10,"column":34},"end":{"line":13,"column":null}},"4":{"start":{"line":15,"column":23},"end":{"line":20,"column":null}},"5":{"start":{"line":16,"column":4},"end":{"line":19,"column":null}},"6":{"start":{"line":22,"column":23},"end":{"line":33,"column":null}},"7":{"start":{"line":23,"column":4},"end":{"line":23,"column":null}},"8":{"start":{"line":25,"column":4},"end":{"line":32,"column":null}},"9":{"start":{"line":26,"column":6},"end":{"line":26,"column":null}},"10":{"start":{"line":27,"column":6},"end":{"line":29,"column":null}},"11":{"start":{"line":28,"column":8},"end":{"line":28,"column":null}},"12":{"start":{"line":31,"column":6},"end":{"line":31,"column":null}},"13":{"start":{"line":36,"column":2},"end":{"line":68,"column":null}},"14":{"start":{"line":70,"column":2},"end":{"line":8,"column":55}},"15":{"start":{"line":7,"column":15},"end":{"line":8,"column":55}},"16":{"start":{"line":8,"column":54},"end":{"line":7,"column":15}},"17":{"start":{"line":72,"column":25},"end":{"line":72,"column":null}}},"fnMap":{"0":{"name":"(anonymous_0)","decl":{"start":{"line":7,"column":18},"end":{"line":7,"column":24}},"loc":{"start":{"line":7,"column":24},"end":{"line":70,"column":2}}},"1":{"name":"(anonymous_1)","decl":{"start":{"line":15,"column":23},"end":{"line":15,"column":24}},"loc":{"start":{"line":15,"column":30},"end":{"line":20,"column":null}}},"2":{"name":"(anonymous_2)","decl":{"start":{"line":22,"column":23},"end":{"line":22,"column":30}},"loc":{"start":{"line":22,"column":36},"end":{"line":33,"column":null}}},"3":{"name":"(anonymous_3)","decl":{"start":{"line":27,"column":17},"end":{"line":27,"column":23}},"loc":{"start":{"line":27,"column":23},"end":{"line":29,"column":9}}},"4":{"name":"(anonymous_4)","decl":{"start":{"line":7,"column":15},"end":{"line":7,"column":18}},"loc":{"start":{"line":7,"column":15},"end":{"line":8,"column":55}}}},"branchMap":{"0":{"loc":{"start":{"line":59,"column":15},"end":{"line":59,"column":null}},"type":"binary-expr","locations":[{"start":{"line":59,"column":15},"end":{"line":59,"column":24}},{"start":{"line":59,"column":24},"end":{"line":59,"column":null}}]},"1":{"loc":{"start":{"line":60,"column":15},"end":{"line":60,"column":null}},"type":"binary-expr","locations":[{"start":{"line":60,"column":15},"end":{"line":60,"column":26}},{"start":{"line":60,"column":26},"end":{"line":60,"column":null}}]}},"s":{"0":72,"1":772,"2":772,"3":772,"4":772,"5":354,"6":772,"7":12,"8":12,"9":12,"10":9,"11":6,"12":3,"13":772,"14":72,"15":14,"16":72,"17":72},"f":{"0":772,"1":354,"2":12,"3":6,"4":14},"b":{"0":[772,6],"1":[772,24]}}
,"C:/Users/Admin/OneDrive/Робочий стіл/spacepedia/spacepedia/src/pages/MainLayout.jsx": {"path":"C:/Users/Admin/OneDrive/Робочий стіл/spacepedia/spacepedia/src/pages/MainLayout.jsx","statementMap":{"0":{"start":{"line":5,"column":19},"end":{"line":20,"column":2}},"1":{"start":{"line":5,"column":25},"end":{"line":5,"column":null}},"2":{"start":{"line":6,"column":19},"end":{"line":6,"column":null}},"3":{"start":{"line":7,"column":21},"end":{"line":7,"column":null}},"4":{"start":{"line":9,"column":2},"end":{"line":18,"column":null}},"5":{"start":{"line":20,"column":2},"end":{"line":6,"column":31}},"6":{"start":{"line":5,"column":16},"end":{"line":6,"column":31}},"7":{"start":{"line":6,"column":30},"end":{"line":5,"column":16}},"8":{"start":{"line":22,"column":26},"end":{"line":22,"column":null}}},"fnMap":{"0":{"name":"(anonymous_0)","decl":{"start":{"line":5,"column":19},"end":{"line":5,"column":25}},"loc":{"start":{"line":5,"column":25},"end":{"line":20,"column":2}}},"1":{"name":"(anonymous_1)","decl":{"start":{"line":5,"column":16},"end":{"line":5,"column":19}},"loc":{"start":{"line":5,"column":16},"end":{"line":6,"column":31}}}},"branchMap":{"0":{"loc":{"start":{"line":7,"column":21},"end":{"line":7,"column":null}},"type":"binary-expr","locations":[{"start":{"line":7,"column":21},"end":{"line":7,"column":55}},{"start":{"line":7,"column":55},"end":{"line":7,"column":null}}]},"1":{"loc":{"start":{"line":17,"column":7},"end":{"line":17,"column":null}},"type":"binary-expr","locations":[{"start":{"line":17,"column":7},"end":{"line":17,"column":22}},{"start":{"line":17,"column":22},"end":{"line":17,"column":null}}]}},"s":{"0":72,"1":228,"2":228,"3":228,"4":228,"5":72,"6":67,"7":72,"8":72},"f":{"0":228,"1":67},"b":{"0":[228,176],"1":[228,142]}}
,"C:/Users/Admin/OneDrive/Робочий стіл/spacepedia/spacepedia/src/pages/MainPage.jsx": {"path":"C:/Users/Admin/OneDrive/Робочий стіл/spacepedia/spacepedia/src/pages/MainPage.jsx","statementMap":{"0":{"start":{"line":5,"column":2},"end":{"line":15,"column":null}},"1":{"start":{"line":17,"column":1},"end":{"line":4,"column":20}},"2":{"start":{"line":19,"column":24},"end":{"line":19,"column":null}}},"fnMap":{"0":{"name":"MainPage","decl":{"start":{"line":4,"column":9},"end":{"line":4,"column":20}},"loc":{"start":{"line":4,"column":20},"end":{"line":17,"column":1}}}},"branchMap":{},"s":{"0":80,"1":72,"2":72},"f":{"0":80},"b":{}}
,"C:/Users/Admin/OneDrive/Робочий стіл/spacepedia/spacepedia/src/pages/SignUpPage.jsx": {"path":"C:/Users/Admin/OneDrive/Робочий стіл/spacepedia/spacepedia/src/pages/SignUpPage.jsx","statementMap":{"0":{"start":{"line":7,"column":15},"end":{"line":98,"column":2}},"1":{"start":{"line":7,"column":21},"end":{"line":7,"column":null}},"2":{"start":{"line":8,"column":50},"end":{"line":8,"column":null}},"3":{"start":{"line":9,"column":34},"end":{"line":14,"column":null}},"4":{"start":{"line":16,"column":23},"end":{"line":21,"column":null}},"5":{"start":{"line":17,"column":4},"end":{"line":20,"column":null}},"6":{"start":{"line":17,"column":25},"end":{"line":20,"column":6}},"7":{"start":{"line":23,"column":23},"end":{"line":45,"column":null}},"8":{"start":{"line":24,"column":4},"end":{"line":24,"column":null}},"9":{"start":{"line":26,"column":4},"end":{"line":29,"column":null}},"10":{"start":{"line":27,"column":6},"end":{"line":27,"column":null}},"11":{"start":{"line":28,"column":6},"end":{"line":28,"column":null}},"12":{"start":{"line":31,"column":4},"end":{"line":44,"column":null}},"13":{"start":{"line":32,"column":6},"end":{"line":36,"column":null}},"14":{"start":{"line":38,"column":6},"end":{"line":40,"column":null}},"15":{"start":{"line":39,"column":8},"end":{"line":39,"column":null}},"16":{"start":{"line":43,"column":6},"end":{"line":43,"column":null}},"17":{"start":{"line":48,"column":2},"end":{"line":96,"column":null}},"18":{"start":{"line":98,"column":2},"end":{"line":8,"column":58}},"19":{"start":{"line":7,"column":12},"end":{"line":8,"column":58}},"20":{"start":{"line":8,"column":57},"end":{"line":7,"column":12}},"21":{"start":{"line":100,"column":22},"end":{"line":100,"column":null}}},"fnMap":{"0":{"name":"(anonymous_0)","decl":{"start":{"line":7,"column":15},"end":{"line":7,"column":21}},"loc":{"start":{"line":7,"column":21},"end":{"line":98,"column":2}}},"1":{"name":"(anonymous_1)","decl":{"start":{"line":16,"column":23},"end":{"line":16,"column":24}},"loc":{"start":{"line":16,"column":30},"end":{"line":21,"column":null}}},"2":{"name":"(anonymous_2)","decl":{"start":{"line":17,"column":16},"end":{"line":17,"column":25}},"loc":{"start":{"line":17,"column":25},"end":{"line":20,"column":6}}},"3":{"name":"(anonymous_3)","decl":{"start":{"line":23,"column":23},"end":{"line":23,"column":30}},"loc":{"start":{"line":23,"column":36},"end":{"line":45,"column":null}}},"4":{"name":"(anonymous_4)","decl":{"start":{"line":38,"column":17},"end":{"line":38,"column":23}},"loc":{"start":{"line":38,"column":23},"end":{"line":40,"column":9}}},"5":{"name":"(anonymous_5)","decl":{"start":{"line":7,"column":12},"end":{"line":7,"column":15}},"loc":{"start":{"line":7,"column":12},"end":{"line":8,"column":58}}}},"branchMap":{"0":{"loc":{"start":{"line":26,"column":4},"end":{"line":29,"column":null}},"type":"if","locations":[{"start":{"line":26,"column":4},"end":{"line":29,"column":null}}]},"1":{"loc":{"start":{"line":87,"column":15},"end":{"line":87,"column":null}},"type":"binary-expr","locations":[{"start":{"line":87,"column":15},"end":{"line":87,"column":24}},{"start":{"line":87,"column":24},"end":{"line":87,"column":null}}]},"2":{"loc":{"start":{"line":88,"column":15},"end":{"line":88,"column":null}},"type":"binary-expr","locations":[{"start":{"line":88,"column":15},"end":{"line":88,"column":26}},{"start":{"line":88,"column":26},"end":{"line":88,"column":null}}]}},"s":{"0":72,"1":790,"2":790,"3":790,"4":790,"5":378,"6":756,"7":790,"8":9,"9":9,"10":3,"11":3,"12":6,"13":6,"14":0,"15":0,"16":6,"17":790,"18":72,"19":11,"20":72,"21":72},"f":{"0":790,"1":378,"2":756,"3":9,"4":0,"5":11},"b":{"0":[3],"1":[790,12],"2":[790,0]}}
}
