TN:
SF:src\App.jsx
FN:11,App
FNF:1
FNH:1
FNDA:144,App
DA:12,144
DA:32,72
DA:34,72
LF:3
LH:3
BRF:0
BRH:0
end_of_record
TN:
SF:src\firebase.js
FNF:0
FNH:0
DA:5,72
DA:16,72
DA:17,72
DA:18,72
LF:4
LH:4
BRF:0
BRH:0
end_of_record
TN:
SF:src\main.jsx
FNF:0
FNH:0
DA:6,72
LF:1
LH:1
BRF:0
BRH:0
end_of_record
TN:
SF:src\components\ArticleCard.jsx
FN:5,(anonymous_0)
FN:14,(anonymous_1)
FN:5,(anonymous_2)
FNF:3
FNH:3
FNDA:112,(anonymous_0)
FNDA:4,(anonymous_1)
FNDA:14,(anonymous_2)
DA:5,72
DA:11,112
DA:12,112
DA:13,112
DA:14,112
DA:15,4
DA:18,112
DA:38,72
DA:40,72
LF:9
LH:9
BRDA:9,0,0,0
BRDA:12,1,0,112
BRDA:12,1,1,56
BRDA:21,2,0,56
BRDA:21,2,1,56
BRDA:21,3,0,28
BRDA:21,3,1,84
BRDA:34,4,0,112
BRDA:34,4,1,56
BRF:9
BRH:8
end_of_record
TN:
SF:src\components\Button.jsx
FN:3,(anonymous_0)
FNF:1
FNH:1
FNDA:2306,(anonymous_0)
DA:3,72
DA:4,2306
DA:14,72
DA:16,72
LF:4
LH:4
BRDA:3,0,0,744
BRDA:3,1,0,744
BRDA:7,2,0,0
BRDA:7,2,1,2306
BRF:4
BRH:3
end_of_record
TN:
SF:src\components\CategoryCard.jsx
FN:5,(anonymous_0)
FN:13,(anonymous_1)
FN:5,(anonymous_2)
FNF:3
FNH:2
FNDA:516,(anonymous_0)
FNDA:0,(anonymous_1)
FNDA:37,(anonymous_2)
DA:5,72
DA:11,516
DA:12,516
DA:13,516
DA:14,0
DA:17,516
DA:32,72
DA:34,72
LF:8
LH:7
BRDA:10,0,0,0
BRF:1
BRH:0
end_of_record
TN:
SF:src\components\Input.jsx
FN:3,(anonymous_0)
FNF:1
FNH:1
FNDA:4732,(anonymous_0)
DA:3,72
DA:11,4732
DA:22,72
DA:24,72
LF:4
LH:4
BRDA:5,0,0,28
BRDA:9,1,0,28
BRF:2
BRH:2
end_of_record
TN:
SF:src\components\Paragraph.jsx
FN:3,(anonymous_0)
FNF:1
FNH:1
FNDA:80,(anonymous_0)
DA:3,72
DA:10,80
DA:11,16
DA:20,64
DA:21,32
DA:35,32
DA:42,72
DA:44,72
LF:8
LH:8
BRDA:6,0,0,48
BRDA:7,1,0,32
BRDA:8,2,0,64
BRDA:10,3,0,16
BRDA:20,4,0,32
BRDA:27,5,0,32
BRDA:27,5,1,32
BRF:7
BRH:7
end_of_record
TN:
SF:src\components\ScrollToTop.jsx
FN:4,ScrollToTop
FN:7,(anonymous_1)
FN:4,(anonymous_2)
FNF:3
FNH:3
FNDA:228,ScrollToTop
FNDA:196,(anonymous_1)
FNDA:67,(anonymous_2)
DA:4,228
DA:5,228
DA:7,228
DA:8,196
DA:11,228
DA:12,72
DA:14,72
LF:7
LH:7
BRF:0
BRH:0
end_of_record
TN:
SF:src\context\AuthContext.jsx
FN:19,(anonymous_0)
FN:25,(anonymous_1)
FN:31,(anonymous_2)
FN:32,(anonymous_3)
FN:52,(anonymous_4)
FN:57,(anonymous_5)
FN:84,(anonymous_6)
FN:113,(anonymous_7)
FNF:8
FNH:8
FNDA:1914,(anonymous_0)
FNDA:368,(anonymous_1)
FNDA:144,(anonymous_2)
FNDA:82,(anonymous_3)
FNDA:18,(anonymous_4)
FNDA:12,(anonymous_5)
FNDA:6,(anonymous_6)
FNDA:6,(anonymous_7)
DA:17,72
DA:19,1914
DA:20,1914
DA:21,1914
DA:22,1914
DA:23,72
DA:25,368
DA:26,368
DA:27,368
DA:28,368
DA:29,368
DA:31,368
DA:32,144
DA:33,82
DA:34,15
DA:35,15
DA:36,15
DA:38,15
DA:44,67
DA:46,82
DA:49,144
DA:52,368
DA:53,18
DA:54,18
DA:57,368
DA:58,12
DA:59,12
DA:60,12
DA:62,12
DA:63,9
DA:64,9
DA:65,9
DA:67,9
DA:73,9
DA:74,9
DA:77,3
DA:78,3
DA:80,12
DA:84,368
DA:85,6
DA:86,6
DA:87,6
DA:89,6
DA:91,0
DA:96,0
DA:102,0
DA:103,0
DA:106,6
DA:107,6
DA:109,6
DA:113,368
DA:114,6
DA:115,6
DA:116,6
DA:119,368
DA:134,72
LF:56
LH:52
BRDA:21,0,0,0
BRDA:33,1,0,15
BRDA:33,1,1,67
BRDA:36,2,0,15
BRDA:36,2,1,0
BRDA:41,3,0,15
BRDA:41,3,1,0
BRDA:65,4,0,9
BRDA:65,4,1,0
BRDA:70,5,0,9
BRDA:70,5,1,0
BRDA:131,6,0,368
BRDA:131,6,1,188
BRF:13
BRH:8
end_of_record
TN:
SF:src\layouts\ArticleContent.jsx
FN:5,(anonymous_0)
FNF:1
FNH:1
FNDA:16,(anonymous_0)
DA:5,72
DA:6,16
DA:80,72
DA:82,72
LF:4
LH:4
BRF:0
BRH:0
end_of_record
TN:
SF:src\layouts\Articles.jsx
FN:6,(anonymous_0)
FN:62,(anonymous_1)
FNF:2
FNH:2
FNDA:28,(anonymous_0)
FNDA:112,(anonymous_1)
DA:6,72
DA:7,28
DA:46,28
DA:63,112
DA:80,72
DA:82,72
LF:6
LH:6
BRDA:71,0,0,112
BRDA:71,0,1,84
BRF:2
BRH:2
end_of_record
TN:
SF:src\layouts\Categories.jsx
FN:4,(anonymous_0)
FN:67,(anonymous_1)
FNF:2
FNH:2
FNDA:80,(anonymous_0)
FNDA:480,(anonymous_1)
DA:4,72
DA:5,80
DA:62,80
DA:68,480
DA:83,72
DA:85,72
LF:6
LH:6
BRF:0
BRH:0
end_of_record
TN:
SF:src\layouts\Footer.jsx
FN:3,(anonymous_0)
FNF:1
FNH:1
FNDA:142,(anonymous_0)
DA:3,72
DA:4,142
DA:26,72
DA:28,72
LF:4
LH:4
BRF:0
BRH:0
end_of_record
TN:
SF:src\layouts\Header.jsx
FN:6,(anonymous_0)
FN:13,(anonymous_1)
FN:14,(anonymous_2)
FN:21,(anonymous_3)
FN:24,(anonymous_4)
FN:26,(anonymous_5)
FN:45,(anonymous_6)
FN:48,(anonymous_7)
FN:51,(anonymous_8)
FN:6,(anonymous_9)
FNF:10
FNH:10
FNDA:352,(anonymous_0)
FNDA:170,(anonymous_1)
FNDA:155,(anonymous_2)
FNDA:103,(anonymous_3)
FNDA:27,(anonymous_4)
FNDA:6,(anonymous_5)
FNDA:306,(anonymous_6)
FNDA:306,(anonymous_7)
FNDA:306,(anonymous_8)
FNDA:67,(anonymous_9)
DA:6,352
DA:7,352
DA:8,352
DA:9,352
DA:11,352
DA:13,352
DA:14,170
DA:15,155
DA:16,107
DA:20,170
DA:21,170
DA:24,352
DA:26,352
DA:27,6
DA:28,6
DA:29,6
DA:30,6
DA:32,0
DA:36,352
DA:45,306
DA:48,306
DA:51,306
DA:99,72
DA:101,72
LF:24
LH:23
BRDA:15,0,0,107
BRDA:15,1,0,155
BRDA:15,1,1,155
BRDA:45,2,0,128
BRDA:45,2,1,178
BRDA:48,3,0,28
BRDA:48,3,1,278
BRDA:51,4,0,24
BRDA:51,4,1,282
BRDA:57,5,0,78
BRDA:57,5,1,274
BRDA:63,6,0,78
BRDA:63,6,1,12
BRDA:87,7,0,274
BRDA:87,7,1,42
BRF:15
BRH:15
end_of_record
TN:
SF:src\layouts\Hero.jsx
FN:3,(anonymous_0)
FNF:1
FNH:1
FNDA:108,(anonymous_0)
DA:3,72
DA:4,108
DA:35,72
DA:37,72
LF:4
LH:4
BRDA:3,0,0,28
BRDA:15,1,0,108
BRDA:15,1,1,80
BRF:3
BRH:3
end_of_record
TN:
SF:src\pages\ArticlePage.jsx
FN:3,(anonymous_0)
FNF:1
FNH:1
FNDA:16,(anonymous_0)
DA:3,72
DA:4,16
DA:11,72
DA:13,72
LF:4
LH:4
BRF:0
BRH:0
end_of_record
TN:
SF:src\pages\CategoryPage.jsx
FN:4,(anonymous_0)
FNF:1
FNH:1
FNDA:28,(anonymous_0)
DA:4,72
DA:5,28
DA:11,28
DA:22,72
DA:24,72
LF:5
LH:5
BRF:0
BRH:0
end_of_record
TN:
SF:src\pages\LoginPage.jsx
FN:7,(anonymous_0)
FN:15,(anonymous_1)
FN:22,(anonymous_2)
FN:27,(anonymous_3)
FN:7,(anonymous_4)
FNF:5
FNH:5
FNDA:772,(anonymous_0)
FNDA:354,(anonymous_1)
FNDA:12,(anonymous_2)
FNDA:6,(anonymous_3)
FNDA:14,(anonymous_4)
DA:7,772
DA:8,772
DA:10,772
DA:15,772
DA:16,354
DA:22,772
DA:23,12
DA:25,12
DA:26,12
DA:27,9
DA:28,6
DA:31,3
DA:36,772
DA:70,72
DA:72,72
LF:15
LH:15
BRDA:59,0,0,772
BRDA:59,0,1,6
BRDA:60,1,0,772
BRDA:60,1,1,24
BRF:4
BRH:4
end_of_record
TN:
SF:src\pages\MainLayout.jsx
FN:5,(anonymous_0)
FN:5,(anonymous_1)
FNF:2
FNH:2
FNDA:228,(anonymous_0)
FNDA:67,(anonymous_1)
DA:5,228
DA:6,228
DA:7,228
DA:9,228
DA:20,72
DA:22,72
LF:6
LH:6
BRDA:7,0,0,228
BRDA:7,0,1,176
BRDA:17,1,0,228
BRDA:17,1,1,142
BRF:4
BRH:4
end_of_record
TN:
SF:src\pages\MainPage.jsx
FN:4,MainPage
FNF:1
FNH:1
FNDA:80,MainPage
DA:5,80
DA:17,72
DA:19,72
LF:3
LH:3
BRF:0
BRH:0
end_of_record
TN:
SF:src\pages\SignUpPage.jsx
FN:7,(anonymous_0)
FN:16,(anonymous_1)
FN:17,(anonymous_2)
FN:23,(anonymous_3)
FN:38,(anonymous_4)
FN:7,(anonymous_5)
FNF:6
FNH:5
FNDA:790,(anonymous_0)
FNDA:378,(anonymous_1)
FNDA:756,(anonymous_2)
FNDA:9,(anonymous_3)
FNDA:0,(anonymous_4)
FNDA:11,(anonymous_5)
DA:7,790
DA:8,790
DA:9,790
DA:16,790
DA:17,756
DA:23,790
DA:24,9
DA:26,9
DA:27,3
DA:28,3
DA:31,6
DA:32,6
DA:38,0
DA:39,0
DA:43,6
DA:48,790
DA:98,72
DA:100,72
LF:18
LH:16
BRDA:26,0,0,3
BRDA:87,1,0,790
BRDA:87,1,1,12
BRDA:88,2,0,790
BRDA:88,2,1,0
BRF:5
BRH:4
end_of_record
